CRITICAL - 2023-11-29 09:23:33 --> App\Controllers\MainController cannot use Firebase\JWT\JWT - it is not a trait
in APPPATH\Controllers\MainController.php on line 18.
 1 [internal function]: CodeIgniter\Debug\Exceptions->shutdownHandler()
CRITICAL - 2023-11-29 10:18:40 --> Firebase\JWT\JWT::decode(): Argument #3 ($headers) cannot be passed by reference
in APPPATH\Controllers\MainController.php on line 250.
 1 SYSTEMPATH\CodeIgniter.php(942): App\Controllers\MainController->getUserData()
 2 SYSTEMPATH\CodeIgniter.php(502): CodeIgniter\CodeIgniter->runController(Object(App\Controllers\MainController))
 3 SYSTEMPATH\CodeIgniter.php(361): CodeIgniter\CodeIgniter->handleRequest(null, Object(Config\Cache), false)
 4 FCPATH\index.php(85): CodeIgniter\CodeIgniter->run()
CRITICAL - 2023-11-29 10:18:40 --> Firebase\JWT\JWT::decode(): Argument #3 ($headers) cannot be passed by reference
in APPPATH\Controllers\MainController.php on line 250.
 1 SYSTEMPATH\CodeIgniter.php(942): App\Controllers\MainController->getUserData()
 2 SYSTEMPATH\CodeIgniter.php(502): CodeIgniter\CodeIgniter->runController(Object(App\Controllers\MainController))
 3 SYSTEMPATH\CodeIgniter.php(361): CodeIgniter\CodeIgniter->handleRequest(null, Object(Config\Cache), false)
 4 FCPATH\index.php(85): CodeIgniter\CodeIgniter->run()
CRITICAL - 2023-11-29 10:18:43 --> Firebase\JWT\JWT::decode(): Argument #3 ($headers) cannot be passed by reference
in APPPATH\Controllers\MainController.php on line 250.
 1 SYSTEMPATH\CodeIgniter.php(942): App\Controllers\MainController->getUserData()
 2 SYSTEMPATH\CodeIgniter.php(502): CodeIgniter\CodeIgniter->runController(Object(App\Controllers\MainController))
 3 SYSTEMPATH\CodeIgniter.php(361): CodeIgniter\CodeIgniter->handleRequest(null, Object(Config\Cache), false)
 4 FCPATH\index.php(85): CodeIgniter\CodeIgniter->run()
CRITICAL - 2023-11-29 10:18:43 --> Firebase\JWT\JWT::decode(): Argument #3 ($headers) cannot be passed by reference
in APPPATH\Controllers\MainController.php on line 250.
 1 SYSTEMPATH\CodeIgniter.php(942): App\Controllers\MainController->getUserData()
 2 SYSTEMPATH\CodeIgniter.php(502): CodeIgniter\CodeIgniter->runController(Object(App\Controllers\MainController))
 3 SYSTEMPATH\CodeIgniter.php(361): CodeIgniter\CodeIgniter->handleRequest(null, Object(Config\Cache), false)
 4 FCPATH\index.php(85): CodeIgniter\CodeIgniter->run()
CRITICAL - 2023-11-29 10:19:10 --> Firebase\JWT\JWT::decode(): Argument #3 ($headers) cannot be passed by reference
in APPPATH\Controllers\MainController.php on line 250.
 1 SYSTEMPATH\CodeIgniter.php(942): App\Controllers\MainController->getUserData()
 2 SYSTEMPATH\CodeIgniter.php(502): CodeIgniter\CodeIgniter->runController(Object(App\Controllers\MainController))
 3 SYSTEMPATH\CodeIgniter.php(361): CodeIgniter\CodeIgniter->handleRequest(null, Object(Config\Cache), false)
 4 FCPATH\index.php(85): CodeIgniter\CodeIgniter->run()
CRITICAL - 2023-11-29 10:19:10 --> Firebase\JWT\JWT::decode(): Argument #3 ($headers) cannot be passed by reference
in APPPATH\Controllers\MainController.php on line 250.
 1 SYSTEMPATH\CodeIgniter.php(942): App\Controllers\MainController->getUserData()
 2 SYSTEMPATH\CodeIgniter.php(502): CodeIgniter\CodeIgniter->runController(Object(App\Controllers\MainController))
 3 SYSTEMPATH\CodeIgniter.php(361): CodeIgniter\CodeIgniter->handleRequest(null, Object(Config\Cache), false)
 4 FCPATH\index.php(85): CodeIgniter\CodeIgniter->run()
CRITICAL - 2023-11-29 10:20:59 --> Firebase\JWT\JWT::decode(): Argument #3 ($headers) cannot be passed by reference
in APPPATH\Controllers\MainController.php on line 252.
 1 SYSTEMPATH\CodeIgniter.php(942): App\Controllers\MainController->getUserData()
 2 SYSTEMPATH\CodeIgniter.php(502): CodeIgniter\CodeIgniter->runController(Object(App\Controllers\MainController))
 3 SYSTEMPATH\CodeIgniter.php(361): CodeIgniter\CodeIgniter->handleRequest(null, Object(Config\Cache), false)
 4 FCPATH\index.php(85): CodeIgniter\CodeIgniter->run()
CRITICAL - 2023-11-29 10:20:59 --> Firebase\JWT\JWT::decode(): Argument #3 ($headers) cannot be passed by reference
in APPPATH\Controllers\MainController.php on line 252.
 1 SYSTEMPATH\CodeIgniter.php(942): App\Controllers\MainController->getUserData()
 2 SYSTEMPATH\CodeIgniter.php(502): CodeIgniter\CodeIgniter->runController(Object(App\Controllers\MainController))
 3 SYSTEMPATH\CodeIgniter.php(361): CodeIgniter\CodeIgniter->handleRequest(null, Object(Config\Cache), false)
 4 FCPATH\index.php(85): CodeIgniter\CodeIgniter->run()
CRITICAL - 2023-11-29 21:40:35 --> Trying to access array offset on value of type null
in APPPATH\Controllers\MainController.php on line 242.
 1 APPPATH\Controllers\MainController.php(242): CodeIgniter\Debug\Exceptions->errorHandler(2, 'Trying to access array offset on value of type null', 'C:\\laragon\\www\\backend\\app\\Controllers\\MainController.php', 242)
 2 SYSTEMPATH\CodeIgniter.php(942): App\Controllers\MainController->getUserData()
 3 SYSTEMPATH\CodeIgniter.php(502): CodeIgniter\CodeIgniter->runController(Object(App\Controllers\MainController))
 4 SYSTEMPATH\CodeIgniter.php(361): CodeIgniter\CodeIgniter->handleRequest(null, Object(Config\Cache), false)
 5 FCPATH\index.php(85): CodeIgniter\CodeIgniter->run()
CRITICAL - 2023-11-29 21:40:35 --> Trying to access array offset on value of type null
in APPPATH\Controllers\MainController.php on line 242.
 1 APPPATH\Controllers\MainController.php(242): CodeIgniter\Debug\Exceptions->errorHandler(2, 'Trying to access array offset on value of type null', 'C:\\laragon\\www\\backend\\app\\Controllers\\MainController.php', 242)
 2 SYSTEMPATH\CodeIgniter.php(942): App\Controllers\MainController->getUserData()
 3 SYSTEMPATH\CodeIgniter.php(502): CodeIgniter\CodeIgniter->runController(Object(App\Controllers\MainController))
 4 SYSTEMPATH\CodeIgniter.php(361): CodeIgniter\CodeIgniter->handleRequest(null, Object(Config\Cache), false)
 5 FCPATH\index.php(85): CodeIgniter\CodeIgniter->run()
CRITICAL - 2023-11-29 22:03:16 --> Call to undefined method App\Controllers\MainController::respondUnauthorized()
in APPPATH\Controllers\MainController.php on line 259.
 1 SYSTEMPATH\CodeIgniter.php(942): App\Controllers\MainController->getUserData()
 2 SYSTEMPATH\CodeIgniter.php(502): CodeIgniter\CodeIgniter->runController(Object(App\Controllers\MainController))
 3 SYSTEMPATH\CodeIgniter.php(361): CodeIgniter\CodeIgniter->handleRequest(null, Object(Config\Cache), false)
 4 FCPATH\index.php(85): CodeIgniter\CodeIgniter->run()
 5 SYSTEMPATH\Commands\Server\rewrite.php(47): require_once('C:\\laragon\\www\\backend\\public\\index.php')
CRITICAL - 2023-11-29 22:09:40 --> Trying to access array offset on value of type null
in APPPATH\Controllers\MainController.php on line 242.
 1 APPPATH\Controllers\MainController.php(242): CodeIgniter\Debug\Exceptions->errorHandler(2, 'Trying to access array offset on value of type null', 'C:\\laragon\\www\\backend\\app\\Controllers\\MainController.php', 242)
 2 SYSTEMPATH\CodeIgniter.php(942): App\Controllers\MainController->getUserData()
 3 SYSTEMPATH\CodeIgniter.php(502): CodeIgniter\CodeIgniter->runController(Object(App\Controllers\MainController))
 4 SYSTEMPATH\CodeIgniter.php(361): CodeIgniter\CodeIgniter->handleRequest(null, Object(Config\Cache), false)
 5 FCPATH\index.php(85): CodeIgniter\CodeIgniter->run()
 6 SYSTEMPATH\Commands\Server\rewrite.php(47): require_once('C:\\laragon\\www\\backend\\public\\index.php')
CRITICAL - 2023-11-29 22:10:00 --> Too few arguments to function App\Controllers\MainController::getUserData(), 0 passed in C:\laragon\www\backend\system\CodeIgniter.php on line 942 and exactly 1 expected
in APPPATH\Controllers\MainController.php on line 238.
 1 SYSTEMPATH\CodeIgniter.php(942): App\Controllers\MainController->getUserData()
 2 SYSTEMPATH\CodeIgniter.php(502): CodeIgniter\CodeIgniter->runController(Object(App\Controllers\MainController))
 3 SYSTEMPATH\CodeIgniter.php(361): CodeIgniter\CodeIgniter->handleRequest(null, Object(Config\Cache), false)
 4 FCPATH\index.php(85): CodeIgniter\CodeIgniter->run()
 5 SYSTEMPATH\Commands\Server\rewrite.php(47): require_once('C:\\laragon\\www\\backend\\public\\index.php')
CRITICAL - 2023-11-29 22:10:22 --> App\Controllers\MainController cannot use Config\Services - it is not a trait
in APPPATH\Controllers\MainController.php on line 17.
 1 [internal function]: CodeIgniter\Debug\Exceptions->shutdownHandler()
CRITICAL - 2023-11-29 22:23:24 --> Too few arguments to function App\Controllers\MainController::getUserData(), 0 passed in C:\laragon\www\backend\system\CodeIgniter.php on line 942 and exactly 1 expected
in APPPATH\Controllers\MainController.php on line 235.
 1 SYSTEMPATH\CodeIgniter.php(942): App\Controllers\MainController->getUserData()
 2 SYSTEMPATH\CodeIgniter.php(502): CodeIgniter\CodeIgniter->runController(Object(App\Controllers\MainController))
 3 SYSTEMPATH\CodeIgniter.php(361): CodeIgniter\CodeIgniter->handleRequest(null, Object(Config\Cache), false)
 4 FCPATH\index.php(85): CodeIgniter\CodeIgniter->run()
 5 SYSTEMPATH\Commands\Server\rewrite.php(47): require_once('C:\\laragon\\www\\backend\\public\\index.php')
CRITICAL - 2023-11-29 22:39:48 --> Call to undefined method App\Controllers\MainController::generateToken()
in APPPATH\Controllers\MainController.php on line 216.
 1 SYSTEMPATH\CodeIgniter.php(942): App\Controllers\MainController->login()
 2 SYSTEMPATH\CodeIgniter.php(502): CodeIgniter\CodeIgniter->runController(Object(App\Controllers\MainController))
 3 SYSTEMPATH\CodeIgniter.php(361): CodeIgniter\CodeIgniter->handleRequest(null, Object(Config\Cache), false)
 4 FCPATH\index.php(85): CodeIgniter\CodeIgniter->run()
CRITICAL - 2023-11-29 22:40:00 --> Call to undefined method App\Controllers\MainController::generateToken()
in APPPATH\Controllers\MainController.php on line 216.
 1 SYSTEMPATH\CodeIgniter.php(942): App\Controllers\MainController->login()
 2 SYSTEMPATH\CodeIgniter.php(502): CodeIgniter\CodeIgniter->runController(Object(App\Controllers\MainController))
 3 SYSTEMPATH\CodeIgniter.php(361): CodeIgniter\CodeIgniter->handleRequest(null, Object(Config\Cache), false)
 4 FCPATH\index.php(85): CodeIgniter\CodeIgniter->run()
CRITICAL - 2023-11-29 22:40:01 --> Call to undefined method App\Controllers\MainController::generateToken()
in APPPATH\Controllers\MainController.php on line 216.
 1 SYSTEMPATH\CodeIgniter.php(942): App\Controllers\MainController->login()
 2 SYSTEMPATH\CodeIgniter.php(502): CodeIgniter\CodeIgniter->runController(Object(App\Controllers\MainController))
 3 SYSTEMPATH\CodeIgniter.php(361): CodeIgniter\CodeIgniter->handleRequest(null, Object(Config\Cache), false)
 4 FCPATH\index.php(85): CodeIgniter\CodeIgniter->run()
CRITICAL - 2023-11-29 22:40:02 --> Call to undefined method App\Controllers\MainController::generateToken()
in APPPATH\Controllers\MainController.php on line 216.
 1 SYSTEMPATH\CodeIgniter.php(942): App\Controllers\MainController->login()
 2 SYSTEMPATH\CodeIgniter.php(502): CodeIgniter\CodeIgniter->runController(Object(App\Controllers\MainController))
 3 SYSTEMPATH\CodeIgniter.php(361): CodeIgniter\CodeIgniter->handleRequest(null, Object(Config\Cache), false)
 4 FCPATH\index.php(85): CodeIgniter\CodeIgniter->run()
CRITICAL - 2023-11-29 22:40:03 --> Call to undefined method App\Controllers\MainController::generateToken()
in APPPATH\Controllers\MainController.php on line 216.
 1 SYSTEMPATH\CodeIgniter.php(942): App\Controllers\MainController->login()
 2 SYSTEMPATH\CodeIgniter.php(502): CodeIgniter\CodeIgniter->runController(Object(App\Controllers\MainController))
 3 SYSTEMPATH\CodeIgniter.php(361): CodeIgniter\CodeIgniter->handleRequest(null, Object(Config\Cache), false)
 4 FCPATH\index.php(85): CodeIgniter\CodeIgniter->run()
CRITICAL - 2023-11-29 22:40:03 --> Call to undefined method App\Controllers\MainController::generateToken()
in APPPATH\Controllers\MainController.php on line 216.
 1 SYSTEMPATH\CodeIgniter.php(942): App\Controllers\MainController->login()
 2 SYSTEMPATH\CodeIgniter.php(502): CodeIgniter\CodeIgniter->runController(Object(App\Controllers\MainController))
 3 SYSTEMPATH\CodeIgniter.php(361): CodeIgniter\CodeIgniter->handleRequest(null, Object(Config\Cache), false)
 4 FCPATH\index.php(85): CodeIgniter\CodeIgniter->run()
CRITICAL - 2023-11-29 22:43:40 --> Call to undefined method App\Controllers\MainController::generateToken()
in APPPATH\Controllers\MainController.php on line 218.
 1 SYSTEMPATH\CodeIgniter.php(942): App\Controllers\MainController->login()
 2 SYSTEMPATH\CodeIgniter.php(502): CodeIgniter\CodeIgniter->runController(Object(App\Controllers\MainController))
 3 SYSTEMPATH\CodeIgniter.php(361): CodeIgniter\CodeIgniter->handleRequest(null, Object(Config\Cache), false)
 4 FCPATH\index.php(85): CodeIgniter\CodeIgniter->run()
CRITICAL - 2023-11-29 22:45:17 --> Call to undefined method App\Controllers\MainController::generateToken()
in APPPATH\Controllers\MainController.php on line 218.
 1 SYSTEMPATH\CodeIgniter.php(942): App\Controllers\MainController->login()
 2 SYSTEMPATH\CodeIgniter.php(502): CodeIgniter\CodeIgniter->runController(Object(App\Controllers\MainController))
 3 SYSTEMPATH\CodeIgniter.php(361): CodeIgniter\CodeIgniter->handleRequest(null, Object(Config\Cache), false)
 4 FCPATH\index.php(85): CodeIgniter\CodeIgniter->run()
CRITICAL - 2023-11-29 22:45:19 --> Call to undefined method App\Controllers\MainController::generateToken()
in APPPATH\Controllers\MainController.php on line 218.
 1 SYSTEMPATH\CodeIgniter.php(942): App\Controllers\MainController->login()
 2 SYSTEMPATH\CodeIgniter.php(502): CodeIgniter\CodeIgniter->runController(Object(App\Controllers\MainController))
 3 SYSTEMPATH\CodeIgniter.php(361): CodeIgniter\CodeIgniter->handleRequest(null, Object(Config\Cache), false)
 4 FCPATH\index.php(85): CodeIgniter\CodeIgniter->run()
CRITICAL - 2023-11-29 22:45:19 --> Call to undefined method App\Controllers\MainController::generateToken()
in APPPATH\Controllers\MainController.php on line 218.
 1 SYSTEMPATH\CodeIgniter.php(942): App\Controllers\MainController->login()
 2 SYSTEMPATH\CodeIgniter.php(502): CodeIgniter\CodeIgniter->runController(Object(App\Controllers\MainController))
 3 SYSTEMPATH\CodeIgniter.php(361): CodeIgniter\CodeIgniter->handleRequest(null, Object(Config\Cache), false)
 4 FCPATH\index.php(85): CodeIgniter\CodeIgniter->run()
CRITICAL - 2023-11-29 22:45:19 --> Call to undefined method App\Controllers\MainController::generateToken()
in APPPATH\Controllers\MainController.php on line 218.
 1 SYSTEMPATH\CodeIgniter.php(942): App\Controllers\MainController->login()
 2 SYSTEMPATH\CodeIgniter.php(502): CodeIgniter\CodeIgniter->runController(Object(App\Controllers\MainController))
 3 SYSTEMPATH\CodeIgniter.php(361): CodeIgniter\CodeIgniter->handleRequest(null, Object(Config\Cache), false)
 4 FCPATH\index.php(85): CodeIgniter\CodeIgniter->run()
CRITICAL - 2023-11-29 22:45:19 --> Call to undefined method App\Controllers\MainController::generateToken()
in APPPATH\Controllers\MainController.php on line 218.
 1 SYSTEMPATH\CodeIgniter.php(942): App\Controllers\MainController->login()
 2 SYSTEMPATH\CodeIgniter.php(502): CodeIgniter\CodeIgniter->runController(Object(App\Controllers\MainController))
 3 SYSTEMPATH\CodeIgniter.php(361): CodeIgniter\CodeIgniter->handleRequest(null, Object(Config\Cache), false)
 4 FCPATH\index.php(85): CodeIgniter\CodeIgniter->run()
CRITICAL - 2023-11-29 22:45:20 --> Call to undefined method App\Controllers\MainController::generateToken()
in APPPATH\Controllers\MainController.php on line 218.
 1 SYSTEMPATH\CodeIgniter.php(942): App\Controllers\MainController->login()
 2 SYSTEMPATH\CodeIgniter.php(502): CodeIgniter\CodeIgniter->runController(Object(App\Controllers\MainController))
 3 SYSTEMPATH\CodeIgniter.php(361): CodeIgniter\CodeIgniter->handleRequest(null, Object(Config\Cache), false)
 4 FCPATH\index.php(85): CodeIgniter\CodeIgniter->run()
CRITICAL - 2023-11-29 22:47:12 --> Too few arguments to function Firebase\JWT\JWT::encode(), 2 passed in C:\laragon\www\backend\app\Controllers\MainController.php on line 230 and at least 3 expected
in VENDORPATH\firebase\php-jwt\src\JWT.php on line 199.
 1 APPPATH\Controllers\MainController.php(230): Firebase\JWT\JWT::encode([...], 'your_secret_key')
 2 SYSTEMPATH\CodeIgniter.php(942): App\Controllers\MainController->login()
 3 SYSTEMPATH\CodeIgniter.php(502): CodeIgniter\CodeIgniter->runController(Object(App\Controllers\MainController))
 4 SYSTEMPATH\CodeIgniter.php(361): CodeIgniter\CodeIgniter->handleRequest(null, Object(Config\Cache), false)
 5 FCPATH\index.php(85): CodeIgniter\CodeIgniter->run()
