CRITICAL - 2024-03-02 10:15:35 --> Undefined property: stdClass::$computedTotal
in APPPATH\Controllers\MainController.php on line 364.
 1 APPPATH\Controllers\MainController.php(364): CodeIgniter\Debug\Exceptions->errorHandler(2, 'Undefined property: stdClass::$computedTotal', 'C:\\laragon\\www\\capstone_backend\\app\\Controllers\\MainController.php', 364)
 2 SYSTEMPATH\CodeIgniter.php(942): App\Controllers\MainController->saveBooking()
 3 SYSTEMPATH\CodeIgniter.php(502): CodeIgniter\CodeIgniter->runController(Object(App\Controllers\MainController))
 4 SYSTEMPATH\CodeIgniter.php(361): CodeIgniter\CodeIgniter->handleRequest(null, Object(Config\Cache), false)
 5 FCPATH\index.php(85): CodeIgniter\CodeIgniter->run()
 6 SYSTEMPATH\Commands\Server\rewrite.php(47): require_once('C:\\laragon\\www\\capstone_backend\\public\\index.php')
CRITICAL - 2024-03-02 10:15:42 --> Undefined property: stdClass::$computedTotal
in APPPATH\Controllers\MainController.php on line 364.
 1 APPPATH\Controllers\MainController.php(364): CodeIgniter\Debug\Exceptions->errorHandler(2, 'Undefined property: stdClass::$computedTotal', 'C:\\laragon\\www\\capstone_backend\\app\\Controllers\\MainController.php', 364)
 2 SYSTEMPATH\CodeIgniter.php(942): App\Controllers\MainController->saveBooking()
 3 SYSTEMPATH\CodeIgniter.php(502): CodeIgniter\CodeIgniter->runController(Object(App\Controllers\MainController))
 4 SYSTEMPATH\CodeIgniter.php(361): CodeIgniter\CodeIgniter->handleRequest(null, Object(Config\Cache), false)
 5 FCPATH\index.php(85): CodeIgniter\CodeIgniter->run()
 6 SYSTEMPATH\Commands\Server\rewrite.php(47): require_once('C:\\laragon\\www\\capstone_backend\\public\\index.php')
ERROR - 2024-03-02 10:16:31 --> mysqli_sql_exception: You have an error in your SQL syntax; check the manual that corresponds to your MySQL server version for the right syntax to use near '), '2024-03-02', '18:17', '06:18', '06:17', 'speaker', 'mixer', 'monitor', 'sub ' at line 1 in C:\laragon\www\capstone_backend\system\Database\MySQLi\Connection.php:306
Stack trace:
#0 C:\laragon\www\capstone_backend\system\Database\MySQLi\Connection.php(306): mysqli->query('INSERT INTO `ev...', 0)
#1 C:\laragon\www\capstone_backend\system\Database\BaseConnection.php(693): CodeIgniter\Database\MySQLi\Connection->execute('INSERT INTO `ev...')
#2 C:\laragon\www\capstone_backend\system\Database\BaseConnection.php(607): CodeIgniter\Database\BaseConnection->simpleQuery('INSERT INTO `ev...')
#3 C:\laragon\www\capstone_backend\system\Database\BaseBuilder.php(2308): CodeIgniter\Database\BaseConnection->query('INSERT INTO `ev...', Array, false)
#4 C:\laragon\www\capstone_backend\system\Model.php(319): CodeIgniter\Database\BaseBuilder->insert()
#5 C:\laragon\www\capstone_backend\system\BaseModel.php(788): CodeIgniter\Model->doInsert(Array)
#6 C:\laragon\www\capstone_backend\system\Model.php(715): CodeIgniter\BaseModel->insert(Array, false)
#7 C:\laragon\www\capstone_backend\system\BaseModel.php(698): CodeIgniter\Model->insert(Array, false)
#8 C:\laragon\www\capstone_backend\app\Controllers\MainController.php(385): CodeIgniter\BaseModel->save(Array)
#9 C:\laragon\www\capstone_backend\system\CodeIgniter.php(942): App\Controllers\MainController->saveBooking()
#10 C:\laragon\www\capstone_backend\system\CodeIgniter.php(502): CodeIgniter\CodeIgniter->runController(Object(App\Controllers\MainController))
#11 C:\laragon\www\capstone_backend\system\CodeIgniter.php(361): CodeIgniter\CodeIgniter->handleRequest(NULL, Object(Config\Cache), false)
#12 C:\laragon\www\capstone_backend\public\index.php(85): CodeIgniter\CodeIgniter->run()
#13 C:\laragon\www\capstone_backend\system\Commands\Server\rewrite.php(47): require_once('C:\\laragon\\www\\...')
#14 {main}
CRITICAL - 2024-03-02 10:16:32 --> You have an error in your SQL syntax; check the manual that corresponds to your MySQL server version for the right syntax to use near '), '2024-03-02', '18:17', '06:18', '06:17', 'speaker', 'mixer', 'monitor', 'sub ' at line 1
in SYSTEMPATH\Database\BaseConnection.php on line 647.
 1 SYSTEMPATH\Database\BaseBuilder.php(2308): CodeIgniter\Database\BaseConnection->query('INSERT INTO `eventbookings` (`event_title`, `start_date`, `end_date`, `location`, `event_description`, `name`, `email`, `phone`, `service`, `computedTotal`, `meeting_date`, `meeting_time`, `start_time`, `end_time`, `first_req`, `second_req`, `third_req`, `fourth_req`, `fifth_req`, `sixth_req`, `inputValue`, `secondInputValue`, `thirdInputValue`, `fourthInputValue`, `fifthInputValue`, `sixthInputValue`) VALUES (:event_title:, :start_date:, :end_date:, :location:, :event_description:, :name:, :email:, :phone:, :service:, :computedTotal:, :meeting_date:, :meeting_time:, :start_time:, :end_time:, :first_req:, :second_req:, :third_req:, :fourth_req:, :fifth_req:, :sixth_req:, :inputValue:, :secondInputValue:, :thirdInputValue:, :fourthInputValue:, :fifthInputValue:, :sixthInputValue:)', [...], false)
 2 SYSTEMPATH\Model.php(319): CodeIgniter\Database\BaseBuilder->insert()
 3 SYSTEMPATH\BaseModel.php(788): CodeIgniter\Model->doInsert([...])
 4 SYSTEMPATH\Model.php(715): CodeIgniter\BaseModel->insert([...], false)
 5 SYSTEMPATH\BaseModel.php(698): CodeIgniter\Model->insert([...], false)
 6 APPPATH\Controllers\MainController.php(385): CodeIgniter\BaseModel->save([...])
 7 SYSTEMPATH\CodeIgniter.php(942): App\Controllers\MainController->saveBooking()
 8 SYSTEMPATH\CodeIgniter.php(502): CodeIgniter\CodeIgniter->runController(Object(App\Controllers\MainController))
 9 SYSTEMPATH\CodeIgniter.php(361): CodeIgniter\CodeIgniter->handleRequest(null, Object(Config\Cache), false)
10 FCPATH\index.php(85): CodeIgniter\CodeIgniter->run()
11 SYSTEMPATH\Commands\Server\rewrite.php(47): require_once('C:\\laragon\\www\\capstone_backend\\public\\index.php')
