CRITICAL - 2024-01-03 03:56:25 --> Object of class stdClass could not be converted to string
in SYSTEMPATH\Database\Query.php on line 333.
 1 SYSTEMPATH\Database\Query.php(333): strtr('INSERT INTO `orders` (`image`, `prod_name`, `unit_price`, `size_id`, `quantity`, `address`, `contact`, `other_info`, `customerName`, `product_id`, `transaction_code`, `total`, `token`, `status`) VALUES (:image:, :prod_name:, :unit_price:, :size_id:, :quantity:, :address:, :contact:, :other_info:, :customerName:, :product_id:, :transaction_code:, :total:, :token:, :status:)', [...])
 2 SYSTEMPATH\Database\Query.php(308): CodeIgniter\Database\Query->matchNamedBinds('INSERT INTO `orders` (`image`, `prod_name`, `unit_price`, `size_id`, `quantity`, `address`, `contact`, `other_info`, `customerName`, `product_id`, `transaction_code`, `total`, `token`, `status`) VALUES (:image:, :prod_name:, :unit_price:, :size_id:, :quantity:, :address:, :contact:, :other_info:, :customerName:, :product_id:, :transaction_code:, :total:, :token:, :status:)', [...])
 3 SYSTEMPATH\Database\Query.php(159): CodeIgniter\Database\Query->compileBinds()
 4 SYSTEMPATH\Database\BaseConnection.php(607): CodeIgniter\Database\Query->getQuery()
 5 SYSTEMPATH\Database\BaseBuilder.php(2308): CodeIgniter\Database\BaseConnection->query('INSERT INTO `orders` (`image`, `prod_name`, `unit_price`, `size_id`, `quantity`, `address`, `contact`, `other_info`, `customerName`, `product_id`, `transaction_code`, `total`, `token`, `status`) VALUES (:image:, :prod_name:, :unit_price:, :size_id:, :quantity:, :address:, :contact:, :other_info:, :customerName:, :product_id:, :transaction_code:, :total:, :token:, :status:)', [...], false)
 6 SYSTEMPATH\Model.php(319): CodeIgniter\Database\BaseBuilder->insert()
 7 SYSTEMPATH\BaseModel.php(788): CodeIgniter\Model->doInsert([...])
 8 SYSTEMPATH\Model.php(715): CodeIgniter\BaseModel->insert([...], false)
 9 SYSTEMPATH\BaseModel.php(698): CodeIgniter\Model->insert([...], false)
10 APPPATH\Controllers\MainController.php(436): CodeIgniter\BaseModel->save([...])
11 SYSTEMPATH\CodeIgniter.php(942): App\Controllers\MainController->placeOrder()
12 SYSTEMPATH\CodeIgniter.php(502): CodeIgniter\CodeIgniter->runController(Object(App\Controllers\MainController))
13 SYSTEMPATH\CodeIgniter.php(361): CodeIgniter\CodeIgniter->handleRequest(null, Object(Config\Cache), false)
14 FCPATH\index.php(85): CodeIgniter\CodeIgniter->run()
15 SYSTEMPATH\Commands\Server\rewrite.php(47): require_once('C:\\laragon\\www\\capstone_backend\\public\\index.php')
CRITICAL - 2024-01-03 10:55:04 --> Object of class stdClass could not be converted to string
in SYSTEMPATH\Database\Query.php on line 333.
 1 SYSTEMPATH\Database\Query.php(333): strtr('INSERT INTO `orders` (`image`, `prod_name`, `unit_price`, `size_id`, `quantity`, `address`, `contact`, `other_info`, `customerName`, `product_id`, `transaction_code`, `total`, `token`, `status`) VALUES (:image:, :prod_name:, :unit_price:, :size_id:, :quantity:, :address:, :contact:, :other_info:, :customerName:, :product_id:, :transaction_code:, :total:, :token:, :status:)', [...])
 2 SYSTEMPATH\Database\Query.php(308): CodeIgniter\Database\Query->matchNamedBinds('INSERT INTO `orders` (`image`, `prod_name`, `unit_price`, `size_id`, `quantity`, `address`, `contact`, `other_info`, `customerName`, `product_id`, `transaction_code`, `total`, `token`, `status`) VALUES (:image:, :prod_name:, :unit_price:, :size_id:, :quantity:, :address:, :contact:, :other_info:, :customerName:, :product_id:, :transaction_code:, :total:, :token:, :status:)', [...])
 3 SYSTEMPATH\Database\Query.php(159): CodeIgniter\Database\Query->compileBinds()
 4 SYSTEMPATH\Database\BaseConnection.php(607): CodeIgniter\Database\Query->getQuery()
 5 SYSTEMPATH\Database\BaseBuilder.php(2308): CodeIgniter\Database\BaseConnection->query('INSERT INTO `orders` (`image`, `prod_name`, `unit_price`, `size_id`, `quantity`, `address`, `contact`, `other_info`, `customerName`, `product_id`, `transaction_code`, `total`, `token`, `status`) VALUES (:image:, :prod_name:, :unit_price:, :size_id:, :quantity:, :address:, :contact:, :other_info:, :customerName:, :product_id:, :transaction_code:, :total:, :token:, :status:)', [...], false)
 6 SYSTEMPATH\Model.php(319): CodeIgniter\Database\BaseBuilder->insert()
 7 SYSTEMPATH\BaseModel.php(788): CodeIgniter\Model->doInsert([...])
 8 SYSTEMPATH\Model.php(715): CodeIgniter\BaseModel->insert([...], false)
 9 SYSTEMPATH\BaseModel.php(698): CodeIgniter\Model->insert([...], false)
10 APPPATH\Controllers\MainController.php(436): CodeIgniter\BaseModel->save([...])
11 SYSTEMPATH\CodeIgniter.php(942): App\Controllers\MainController->placeOrder()
12 SYSTEMPATH\CodeIgniter.php(502): CodeIgniter\CodeIgniter->runController(Object(App\Controllers\MainController))
13 SYSTEMPATH\CodeIgniter.php(361): CodeIgniter\CodeIgniter->handleRequest(null, Object(Config\Cache), false)
14 FCPATH\index.php(85): CodeIgniter\CodeIgniter->run()
15 SYSTEMPATH\Commands\Server\rewrite.php(47): require_once('C:\\laragon\\www\\capstone_backend\\public\\index.php')
CRITICAL - 2024-01-03 10:55:10 --> Object of class stdClass could not be converted to string
in SYSTEMPATH\Database\Query.php on line 333.
 1 SYSTEMPATH\Database\Query.php(333): strtr('INSERT INTO `orders` (`image`, `prod_name`, `unit_price`, `size_id`, `quantity`, `address`, `contact`, `other_info`, `customerName`, `product_id`, `transaction_code`, `total`, `token`, `status`) VALUES (:image:, :prod_name:, :unit_price:, :size_id:, :quantity:, :address:, :contact:, :other_info:, :customerName:, :product_id:, :transaction_code:, :total:, :token:, :status:)', [...])
 2 SYSTEMPATH\Database\Query.php(308): CodeIgniter\Database\Query->matchNamedBinds('INSERT INTO `orders` (`image`, `prod_name`, `unit_price`, `size_id`, `quantity`, `address`, `contact`, `other_info`, `customerName`, `product_id`, `transaction_code`, `total`, `token`, `status`) VALUES (:image:, :prod_name:, :unit_price:, :size_id:, :quantity:, :address:, :contact:, :other_info:, :customerName:, :product_id:, :transaction_code:, :total:, :token:, :status:)', [...])
 3 SYSTEMPATH\Database\Query.php(159): CodeIgniter\Database\Query->compileBinds()
 4 SYSTEMPATH\Database\BaseConnection.php(607): CodeIgniter\Database\Query->getQuery()
 5 SYSTEMPATH\Database\BaseBuilder.php(2308): CodeIgniter\Database\BaseConnection->query('INSERT INTO `orders` (`image`, `prod_name`, `unit_price`, `size_id`, `quantity`, `address`, `contact`, `other_info`, `customerName`, `product_id`, `transaction_code`, `total`, `token`, `status`) VALUES (:image:, :prod_name:, :unit_price:, :size_id:, :quantity:, :address:, :contact:, :other_info:, :customerName:, :product_id:, :transaction_code:, :total:, :token:, :status:)', [...], false)
 6 SYSTEMPATH\Model.php(319): CodeIgniter\Database\BaseBuilder->insert()
 7 SYSTEMPATH\BaseModel.php(788): CodeIgniter\Model->doInsert([...])
 8 SYSTEMPATH\Model.php(715): CodeIgniter\BaseModel->insert([...], false)
 9 SYSTEMPATH\BaseModel.php(698): CodeIgniter\Model->insert([...], false)
10 APPPATH\Controllers\MainController.php(436): CodeIgniter\BaseModel->save([...])
11 SYSTEMPATH\CodeIgniter.php(942): App\Controllers\MainController->placeOrder()
12 SYSTEMPATH\CodeIgniter.php(502): CodeIgniter\CodeIgniter->runController(Object(App\Controllers\MainController))
13 SYSTEMPATH\CodeIgniter.php(361): CodeIgniter\CodeIgniter->handleRequest(null, Object(Config\Cache), false)
14 FCPATH\index.php(85): CodeIgniter\CodeIgniter->run()
15 SYSTEMPATH\Commands\Server\rewrite.php(47): require_once('C:\\laragon\\www\\capstone_backend\\public\\index.php')
