CRITICAL - 2024-01-14 13:22:06 --> Call to undefined method CodeIgniter\HTTP\IncomingRequest::has()
in APPPATH\Controllers\MainController.php on line 553.
 1 SYSTEMPATH\CodeIgniter.php(942): App\Controllers\MainController->updateOrderStatus('240')
 2 SYSTEMPATH\CodeIgniter.php(502): CodeIgniter\CodeIgniter->runController(Object(App\Controllers\MainController))
 3 SYSTEMPATH\CodeIgniter.php(361): CodeIgniter\CodeIgniter->handleRequest(null, Object(Config\Cache), false)
 4 FCPATH\index.php(85): CodeIgniter\CodeIgniter->run()
 5 SYSTEMPATH\Commands\Server\rewrite.php(47): require_once('C:\\laragon\\www\\capstone_backend\\public\\index.php')
CRITICAL - 2024-01-14 13:22:21 --> Call to undefined method CodeIgniter\HTTP\IncomingRequest::has()
in APPPATH\Controllers\MainController.php on line 553.
 1 SYSTEMPATH\CodeIgniter.php(942): App\Controllers\MainController->updateOrderStatus('240')
 2 SYSTEMPATH\CodeIgniter.php(502): CodeIgniter\CodeIgniter->runController(Object(App\Controllers\MainController))
 3 SYSTEMPATH\CodeIgniter.php(361): CodeIgniter\CodeIgniter->handleRequest(null, Object(Config\Cache), false)
 4 FCPATH\index.php(85): CodeIgniter\CodeIgniter->run()
 5 SYSTEMPATH\Commands\Server\rewrite.php(47): require_once('C:\\laragon\\www\\capstone_backend\\public\\index.php')
CRITICAL - 2024-01-14 13:25:23 --> Undefined array key "quantity"
in APPPATH\Controllers\MainController.php on line 551.
 1 APPPATH\Controllers\MainController.php(551): CodeIgniter\Debug\Exceptions->errorHandler(2, 'Undefined array key "quantity"', 'C:\\laragon\\www\\capstone_backend\\app\\Controllers\\MainController.php', 551)
 2 SYSTEMPATH\CodeIgniter.php(942): App\Controllers\MainController->updateOrderStatus('240')
 3 SYSTEMPATH\CodeIgniter.php(502): CodeIgniter\CodeIgniter->runController(Object(App\Controllers\MainController))
 4 SYSTEMPATH\CodeIgniter.php(361): CodeIgniter\CodeIgniter->handleRequest(null, Object(Config\Cache), false)
 5 FCPATH\index.php(85): CodeIgniter\CodeIgniter->run()
 6 SYSTEMPATH\Commands\Server\rewrite.php(47): require_once('C:\\laragon\\www\\capstone_backend\\public\\index.php')
CRITICAL - 2024-01-14 13:25:39 --> Undefined array key "quantity"
in APPPATH\Controllers\MainController.php on line 551.
 1 APPPATH\Controllers\MainController.php(551): CodeIgniter\Debug\Exceptions->errorHandler(2, 'Undefined array key "quantity"', 'C:\\laragon\\www\\capstone_backend\\app\\Controllers\\MainController.php', 551)
 2 SYSTEMPATH\CodeIgniter.php(942): App\Controllers\MainController->updateOrderStatus('240')
 3 SYSTEMPATH\CodeIgniter.php(502): CodeIgniter\CodeIgniter->runController(Object(App\Controllers\MainController))
 4 SYSTEMPATH\CodeIgniter.php(361): CodeIgniter\CodeIgniter->handleRequest(null, Object(Config\Cache), false)
 5 FCPATH\index.php(85): CodeIgniter\CodeIgniter->run()
 6 SYSTEMPATH\Commands\Server\rewrite.php(47): require_once('C:\\laragon\\www\\capstone_backend\\public\\index.php')
CRITICAL - 2024-01-14 13:26:36 --> Undefined array key "quantity"
in APPPATH\Controllers\MainController.php on line 551.
 1 APPPATH\Controllers\MainController.php(551): CodeIgniter\Debug\Exceptions->errorHandler(2, 'Undefined array key "quantity"', 'C:\\laragon\\www\\capstone_backend\\app\\Controllers\\MainController.php', 551)
 2 SYSTEMPATH\CodeIgniter.php(942): App\Controllers\MainController->updateOrderStatus('240')
 3 SYSTEMPATH\CodeIgniter.php(502): CodeIgniter\CodeIgniter->runController(Object(App\Controllers\MainController))
 4 SYSTEMPATH\CodeIgniter.php(361): CodeIgniter\CodeIgniter->handleRequest(null, Object(Config\Cache), false)
 5 FCPATH\index.php(85): CodeIgniter\CodeIgniter->run()
 6 SYSTEMPATH\Commands\Server\rewrite.php(47): require_once('C:\\laragon\\www\\capstone_backend\\public\\index.php')
CRITICAL - 2024-01-14 13:28:02 --> Undefined array key "quantity"
in APPPATH\Controllers\MainController.php on line 551.
 1 APPPATH\Controllers\MainController.php(551): CodeIgniter\Debug\Exceptions->errorHandler(2, 'Undefined array key "quantity"', 'C:\\laragon\\www\\capstone_backend\\app\\Controllers\\MainController.php', 551)
 2 SYSTEMPATH\CodeIgniter.php(942): App\Controllers\MainController->updateOrderStatus('240')
 3 SYSTEMPATH\CodeIgniter.php(502): CodeIgniter\CodeIgniter->runController(Object(App\Controllers\MainController))
 4 SYSTEMPATH\CodeIgniter.php(361): CodeIgniter\CodeIgniter->handleRequest(null, Object(Config\Cache), false)
 5 FCPATH\index.php(85): CodeIgniter\CodeIgniter->run()
 6 SYSTEMPATH\Commands\Server\rewrite.php(47): require_once('C:\\laragon\\www\\capstone_backend\\public\\index.php')
