CRITICAL - 2023-12-27 12:22:46 --> Undefined property: stdClass::$customerName
in APPPATH\Controllers\MainController.php on line 427.
 1 APPPATH\Controllers\MainController.php(427): CodeIgniter\Debug\Exceptions->errorHandler(2, 'Undefined property: stdClass::$customerName', 'C:\\laragon\\www\\backend\\app\\Controllers\\MainController.php', 427)
 2 SYSTEMPATH\CodeIgniter.php(942): App\Controllers\MainController->placeOrder()
 3 SYSTEMPATH\CodeIgniter.php(502): CodeIgniter\CodeIgniter->runController(Object(App\Controllers\MainController))
 4 SYSTEMPATH\CodeIgniter.php(361): CodeIgniter\CodeIgniter->handleRequest(null, Object(Config\Cache), false)
 5 FCPATH\index.php(85): CodeIgniter\CodeIgniter->run()
 6 SYSTEMPATH\Commands\Server\rewrite.php(47): require_once('C:\\laragon\\www\\backend\\public\\index.php')
CRITICAL - 2023-12-27 12:39:01 --> Object of class stdClass could not be converted to string
in SYSTEMPATH\Database\Query.php on line 333.
 1 SYSTEMPATH\Database\Query.php(333): strtr('INSERT INTO `orders` (`image`, `prod_name`, `unit_price`, `size_id`, `quantity`, `address`, `contact`, `other_info`, `customerName`, `product_id`, `transaction_code`, `total`, `token`, `status`) VALUES (:image:, :prod_name:, :unit_price:, :size_id:, :quantity:, :address:, :contact:, :other_info:, :customerName:, :product_id:, :transaction_code:, :total:, :token:, :status:)', [...])
 2 SYSTEMPATH\Database\Query.php(308): CodeIgniter\Database\Query->matchNamedBinds('INSERT INTO `orders` (`image`, `prod_name`, `unit_price`, `size_id`, `quantity`, `address`, `contact`, `other_info`, `customerName`, `product_id`, `transaction_code`, `total`, `token`, `status`) VALUES (:image:, :prod_name:, :unit_price:, :size_id:, :quantity:, :address:, :contact:, :other_info:, :customerName:, :product_id:, :transaction_code:, :total:, :token:, :status:)', [...])
 3 SYSTEMPATH\Database\Query.php(159): CodeIgniter\Database\Query->compileBinds()
 4 SYSTEMPATH\Database\BaseConnection.php(607): CodeIgniter\Database\Query->getQuery()
 5 SYSTEMPATH\Database\BaseBuilder.php(2308): CodeIgniter\Database\BaseConnection->query('INSERT INTO `orders` (`image`, `prod_name`, `unit_price`, `size_id`, `quantity`, `address`, `contact`, `other_info`, `customerName`, `product_id`, `transaction_code`, `total`, `token`, `status`) VALUES (:image:, :prod_name:, :unit_price:, :size_id:, :quantity:, :address:, :contact:, :other_info:, :customerName:, :product_id:, :transaction_code:, :total:, :token:, :status:)', [...], false)
 6 SYSTEMPATH\Model.php(319): CodeIgniter\Database\BaseBuilder->insert()
 7 SYSTEMPATH\BaseModel.php(788): CodeIgniter\Model->doInsert([...])
 8 SYSTEMPATH\Model.php(715): CodeIgniter\BaseModel->insert([...], false)
 9 SYSTEMPATH\BaseModel.php(698): CodeIgniter\Model->insert([...], false)
10 APPPATH\Controllers\MainController.php(436): CodeIgniter\BaseModel->save([...])
11 SYSTEMPATH\CodeIgniter.php(942): App\Controllers\MainController->placeOrder()
12 SYSTEMPATH\CodeIgniter.php(502): CodeIgniter\CodeIgniter->runController(Object(App\Controllers\MainController))
13 SYSTEMPATH\CodeIgniter.php(361): CodeIgniter\CodeIgniter->handleRequest(null, Object(Config\Cache), false)
14 FCPATH\index.php(85): CodeIgniter\CodeIgniter->run()
15 SYSTEMPATH\Commands\Server\rewrite.php(47): require_once('C:\\laragon\\www\\backend\\public\\index.php')
CRITICAL - 2023-12-27 12:40:07 --> Object of class stdClass could not be converted to string
in SYSTEMPATH\Database\Query.php on line 333.
 1 SYSTEMPATH\Database\Query.php(333): strtr('INSERT INTO `orders` (`image`, `prod_name`, `unit_price`, `size_id`, `quantity`, `address`, `contact`, `other_info`, `customerName`, `product_id`, `transaction_code`, `total`, `token`, `status`) VALUES (:image:, :prod_name:, :unit_price:, :size_id:, :quantity:, :address:, :contact:, :other_info:, :customerName:, :product_id:, :transaction_code:, :total:, :token:, :status:)', [...])
 2 SYSTEMPATH\Database\Query.php(308): CodeIgniter\Database\Query->matchNamedBinds('INSERT INTO `orders` (`image`, `prod_name`, `unit_price`, `size_id`, `quantity`, `address`, `contact`, `other_info`, `customerName`, `product_id`, `transaction_code`, `total`, `token`, `status`) VALUES (:image:, :prod_name:, :unit_price:, :size_id:, :quantity:, :address:, :contact:, :other_info:, :customerName:, :product_id:, :transaction_code:, :total:, :token:, :status:)', [...])
 3 SYSTEMPATH\Database\Query.php(159): CodeIgniter\Database\Query->compileBinds()
 4 SYSTEMPATH\Database\BaseConnection.php(607): CodeIgniter\Database\Query->getQuery()
 5 SYSTEMPATH\Database\BaseBuilder.php(2308): CodeIgniter\Database\BaseConnection->query('INSERT INTO `orders` (`image`, `prod_name`, `unit_price`, `size_id`, `quantity`, `address`, `contact`, `other_info`, `customerName`, `product_id`, `transaction_code`, `total`, `token`, `status`) VALUES (:image:, :prod_name:, :unit_price:, :size_id:, :quantity:, :address:, :contact:, :other_info:, :customerName:, :product_id:, :transaction_code:, :total:, :token:, :status:)', [...], false)
 6 SYSTEMPATH\Model.php(319): CodeIgniter\Database\BaseBuilder->insert()
 7 SYSTEMPATH\BaseModel.php(788): CodeIgniter\Model->doInsert([...])
 8 SYSTEMPATH\Model.php(715): CodeIgniter\BaseModel->insert([...], false)
 9 SYSTEMPATH\BaseModel.php(698): CodeIgniter\Model->insert([...], false)
10 APPPATH\Controllers\MainController.php(436): CodeIgniter\BaseModel->save([...])
11 SYSTEMPATH\CodeIgniter.php(942): App\Controllers\MainController->placeOrder()
12 SYSTEMPATH\CodeIgniter.php(502): CodeIgniter\CodeIgniter->runController(Object(App\Controllers\MainController))
13 SYSTEMPATH\CodeIgniter.php(361): CodeIgniter\CodeIgniter->handleRequest(null, Object(Config\Cache), false)
14 FCPATH\index.php(85): CodeIgniter\CodeIgniter->run()
15 SYSTEMPATH\Commands\Server\rewrite.php(47): require_once('C:\\laragon\\www\\backend\\public\\index.php')
CRITICAL - 2023-12-27 12:45:22 --> Object of class stdClass could not be converted to string
in SYSTEMPATH\Database\Query.php on line 333.
 1 SYSTEMPATH\Database\Query.php(333): strtr('INSERT INTO `orders` (`image`, `prod_name`, `unit_price`, `size_id`, `quantity`, `address`, `contact`, `other_info`, `customerName`, `product_id`, `transaction_code`, `total`, `token`, `status`) VALUES (:image:, :prod_name:, :unit_price:, :size_id:, :quantity:, :address:, :contact:, :other_info:, :customerName:, :product_id:, :transaction_code:, :total:, :token:, :status:)', [...])
 2 SYSTEMPATH\Database\Query.php(308): CodeIgniter\Database\Query->matchNamedBinds('INSERT INTO `orders` (`image`, `prod_name`, `unit_price`, `size_id`, `quantity`, `address`, `contact`, `other_info`, `customerName`, `product_id`, `transaction_code`, `total`, `token`, `status`) VALUES (:image:, :prod_name:, :unit_price:, :size_id:, :quantity:, :address:, :contact:, :other_info:, :customerName:, :product_id:, :transaction_code:, :total:, :token:, :status:)', [...])
 3 SYSTEMPATH\Database\Query.php(159): CodeIgniter\Database\Query->compileBinds()
 4 SYSTEMPATH\Database\BaseConnection.php(607): CodeIgniter\Database\Query->getQuery()
 5 SYSTEMPATH\Database\BaseBuilder.php(2308): CodeIgniter\Database\BaseConnection->query('INSERT INTO `orders` (`image`, `prod_name`, `unit_price`, `size_id`, `quantity`, `address`, `contact`, `other_info`, `customerName`, `product_id`, `transaction_code`, `total`, `token`, `status`) VALUES (:image:, :prod_name:, :unit_price:, :size_id:, :quantity:, :address:, :contact:, :other_info:, :customerName:, :product_id:, :transaction_code:, :total:, :token:, :status:)', [...], false)
 6 SYSTEMPATH\Model.php(319): CodeIgniter\Database\BaseBuilder->insert()
 7 SYSTEMPATH\BaseModel.php(788): CodeIgniter\Model->doInsert([...])
 8 SYSTEMPATH\Model.php(715): CodeIgniter\BaseModel->insert([...], false)
 9 SYSTEMPATH\BaseModel.php(698): CodeIgniter\Model->insert([...], false)
10 APPPATH\Controllers\MainController.php(436): CodeIgniter\BaseModel->save([...])
11 SYSTEMPATH\CodeIgniter.php(942): App\Controllers\MainController->placeOrder()
12 SYSTEMPATH\CodeIgniter.php(502): CodeIgniter\CodeIgniter->runController(Object(App\Controllers\MainController))
13 SYSTEMPATH\CodeIgniter.php(361): CodeIgniter\CodeIgniter->handleRequest(null, Object(Config\Cache), false)
14 FCPATH\index.php(85): CodeIgniter\CodeIgniter->run()
15 SYSTEMPATH\Commands\Server\rewrite.php(47): require_once('C:\\laragon\\www\\backend\\public\\index.php')
CRITICAL - 2023-12-27 12:45:45 --> Object of class stdClass could not be converted to string
in SYSTEMPATH\Database\Query.php on line 333.
 1 SYSTEMPATH\Database\Query.php(333): strtr('INSERT INTO `orders` (`image`, `prod_name`, `unit_price`, `size_id`, `quantity`, `address`, `contact`, `other_info`, `customerName`, `product_id`, `transaction_code`, `total`, `token`, `status`) VALUES (:image:, :prod_name:, :unit_price:, :size_id:, :quantity:, :address:, :contact:, :other_info:, :customerName:, :product_id:, :transaction_code:, :total:, :token:, :status:)', [...])
 2 SYSTEMPATH\Database\Query.php(308): CodeIgniter\Database\Query->matchNamedBinds('INSERT INTO `orders` (`image`, `prod_name`, `unit_price`, `size_id`, `quantity`, `address`, `contact`, `other_info`, `customerName`, `product_id`, `transaction_code`, `total`, `token`, `status`) VALUES (:image:, :prod_name:, :unit_price:, :size_id:, :quantity:, :address:, :contact:, :other_info:, :customerName:, :product_id:, :transaction_code:, :total:, :token:, :status:)', [...])
 3 SYSTEMPATH\Database\Query.php(159): CodeIgniter\Database\Query->compileBinds()
 4 SYSTEMPATH\Database\BaseConnection.php(607): CodeIgniter\Database\Query->getQuery()
 5 SYSTEMPATH\Database\BaseBuilder.php(2308): CodeIgniter\Database\BaseConnection->query('INSERT INTO `orders` (`image`, `prod_name`, `unit_price`, `size_id`, `quantity`, `address`, `contact`, `other_info`, `customerName`, `product_id`, `transaction_code`, `total`, `token`, `status`) VALUES (:image:, :prod_name:, :unit_price:, :size_id:, :quantity:, :address:, :contact:, :other_info:, :customerName:, :product_id:, :transaction_code:, :total:, :token:, :status:)', [...], false)
 6 SYSTEMPATH\Model.php(319): CodeIgniter\Database\BaseBuilder->insert()
 7 SYSTEMPATH\BaseModel.php(788): CodeIgniter\Model->doInsert([...])
 8 SYSTEMPATH\Model.php(715): CodeIgniter\BaseModel->insert([...], false)
 9 SYSTEMPATH\BaseModel.php(698): CodeIgniter\Model->insert([...], false)
10 APPPATH\Controllers\MainController.php(436): CodeIgniter\BaseModel->save([...])
11 SYSTEMPATH\CodeIgniter.php(942): App\Controllers\MainController->placeOrder()
12 SYSTEMPATH\CodeIgniter.php(502): CodeIgniter\CodeIgniter->runController(Object(App\Controllers\MainController))
13 SYSTEMPATH\CodeIgniter.php(361): CodeIgniter\CodeIgniter->handleRequest(null, Object(Config\Cache), false)
14 FCPATH\index.php(85): CodeIgniter\CodeIgniter->run()
15 SYSTEMPATH\Commands\Server\rewrite.php(47): require_once('C:\\laragon\\www\\backend\\public\\index.php')
CRITICAL - 2023-12-27 12:45:59 --> Object of class stdClass could not be converted to string
in SYSTEMPATH\Database\Query.php on line 333.
 1 SYSTEMPATH\Database\Query.php(333): strtr('INSERT INTO `orders` (`image`, `prod_name`, `unit_price`, `size_id`, `quantity`, `address`, `contact`, `other_info`, `customerName`, `product_id`, `transaction_code`, `total`, `token`, `status`) VALUES (:image:, :prod_name:, :unit_price:, :size_id:, :quantity:, :address:, :contact:, :other_info:, :customerName:, :product_id:, :transaction_code:, :total:, :token:, :status:)', [...])
 2 SYSTEMPATH\Database\Query.php(308): CodeIgniter\Database\Query->matchNamedBinds('INSERT INTO `orders` (`image`, `prod_name`, `unit_price`, `size_id`, `quantity`, `address`, `contact`, `other_info`, `customerName`, `product_id`, `transaction_code`, `total`, `token`, `status`) VALUES (:image:, :prod_name:, :unit_price:, :size_id:, :quantity:, :address:, :contact:, :other_info:, :customerName:, :product_id:, :transaction_code:, :total:, :token:, :status:)', [...])
 3 SYSTEMPATH\Database\Query.php(159): CodeIgniter\Database\Query->compileBinds()
 4 SYSTEMPATH\Database\BaseConnection.php(607): CodeIgniter\Database\Query->getQuery()
 5 SYSTEMPATH\Database\BaseBuilder.php(2308): CodeIgniter\Database\BaseConnection->query('INSERT INTO `orders` (`image`, `prod_name`, `unit_price`, `size_id`, `quantity`, `address`, `contact`, `other_info`, `customerName`, `product_id`, `transaction_code`, `total`, `token`, `status`) VALUES (:image:, :prod_name:, :unit_price:, :size_id:, :quantity:, :address:, :contact:, :other_info:, :customerName:, :product_id:, :transaction_code:, :total:, :token:, :status:)', [...], false)
 6 SYSTEMPATH\Model.php(319): CodeIgniter\Database\BaseBuilder->insert()
 7 SYSTEMPATH\BaseModel.php(788): CodeIgniter\Model->doInsert([...])
 8 SYSTEMPATH\Model.php(715): CodeIgniter\BaseModel->insert([...], false)
 9 SYSTEMPATH\BaseModel.php(698): CodeIgniter\Model->insert([...], false)
10 APPPATH\Controllers\MainController.php(436): CodeIgniter\BaseModel->save([...])
11 SYSTEMPATH\CodeIgniter.php(942): App\Controllers\MainController->placeOrder()
12 SYSTEMPATH\CodeIgniter.php(502): CodeIgniter\CodeIgniter->runController(Object(App\Controllers\MainController))
13 SYSTEMPATH\CodeIgniter.php(361): CodeIgniter\CodeIgniter->handleRequest(null, Object(Config\Cache), false)
14 FCPATH\index.php(85): CodeIgniter\CodeIgniter->run()
15 SYSTEMPATH\Commands\Server\rewrite.php(47): require_once('C:\\laragon\\www\\backend\\public\\index.php')
CRITICAL - 2023-12-27 12:46:16 --> Object of class stdClass could not be converted to string
in SYSTEMPATH\Database\Query.php on line 333.
 1 SYSTEMPATH\Database\Query.php(333): strtr('INSERT INTO `orders` (`image`, `prod_name`, `unit_price`, `size_id`, `quantity`, `address`, `contact`, `other_info`, `customerName`, `product_id`, `transaction_code`, `total`, `token`, `status`) VALUES (:image:, :prod_name:, :unit_price:, :size_id:, :quantity:, :address:, :contact:, :other_info:, :customerName:, :product_id:, :transaction_code:, :total:, :token:, :status:)', [...])
 2 SYSTEMPATH\Database\Query.php(308): CodeIgniter\Database\Query->matchNamedBinds('INSERT INTO `orders` (`image`, `prod_name`, `unit_price`, `size_id`, `quantity`, `address`, `contact`, `other_info`, `customerName`, `product_id`, `transaction_code`, `total`, `token`, `status`) VALUES (:image:, :prod_name:, :unit_price:, :size_id:, :quantity:, :address:, :contact:, :other_info:, :customerName:, :product_id:, :transaction_code:, :total:, :token:, :status:)', [...])
 3 SYSTEMPATH\Database\Query.php(159): CodeIgniter\Database\Query->compileBinds()
 4 SYSTEMPATH\Database\BaseConnection.php(607): CodeIgniter\Database\Query->getQuery()
 5 SYSTEMPATH\Database\BaseBuilder.php(2308): CodeIgniter\Database\BaseConnection->query('INSERT INTO `orders` (`image`, `prod_name`, `unit_price`, `size_id`, `quantity`, `address`, `contact`, `other_info`, `customerName`, `product_id`, `transaction_code`, `total`, `token`, `status`) VALUES (:image:, :prod_name:, :unit_price:, :size_id:, :quantity:, :address:, :contact:, :other_info:, :customerName:, :product_id:, :transaction_code:, :total:, :token:, :status:)', [...], false)
 6 SYSTEMPATH\Model.php(319): CodeIgniter\Database\BaseBuilder->insert()
 7 SYSTEMPATH\BaseModel.php(788): CodeIgniter\Model->doInsert([...])
 8 SYSTEMPATH\Model.php(715): CodeIgniter\BaseModel->insert([...], false)
 9 SYSTEMPATH\BaseModel.php(698): CodeIgniter\Model->insert([...], false)
10 APPPATH\Controllers\MainController.php(436): CodeIgniter\BaseModel->save([...])
11 SYSTEMPATH\CodeIgniter.php(942): App\Controllers\MainController->placeOrder()
12 SYSTEMPATH\CodeIgniter.php(502): CodeIgniter\CodeIgniter->runController(Object(App\Controllers\MainController))
13 SYSTEMPATH\CodeIgniter.php(361): CodeIgniter\CodeIgniter->handleRequest(null, Object(Config\Cache), false)
14 FCPATH\index.php(85): CodeIgniter\CodeIgniter->run()
15 SYSTEMPATH\Commands\Server\rewrite.php(47): require_once('C:\\laragon\\www\\backend\\public\\index.php')
CRITICAL - 2023-12-27 12:46:38 --> Object of class stdClass could not be converted to string
in SYSTEMPATH\Database\Query.php on line 333.
 1 SYSTEMPATH\Database\Query.php(333): strtr('INSERT INTO `orders` (`image`, `prod_name`, `unit_price`, `size_id`, `quantity`, `address`, `contact`, `other_info`, `customerName`, `product_id`, `transaction_code`, `total`, `token`, `status`) VALUES (:image:, :prod_name:, :unit_price:, :size_id:, :quantity:, :address:, :contact:, :other_info:, :customerName:, :product_id:, :transaction_code:, :total:, :token:, :status:)', [...])
 2 SYSTEMPATH\Database\Query.php(308): CodeIgniter\Database\Query->matchNamedBinds('INSERT INTO `orders` (`image`, `prod_name`, `unit_price`, `size_id`, `quantity`, `address`, `contact`, `other_info`, `customerName`, `product_id`, `transaction_code`, `total`, `token`, `status`) VALUES (:image:, :prod_name:, :unit_price:, :size_id:, :quantity:, :address:, :contact:, :other_info:, :customerName:, :product_id:, :transaction_code:, :total:, :token:, :status:)', [...])
 3 SYSTEMPATH\Database\Query.php(159): CodeIgniter\Database\Query->compileBinds()
 4 SYSTEMPATH\Database\BaseConnection.php(607): CodeIgniter\Database\Query->getQuery()
 5 SYSTEMPATH\Database\BaseBuilder.php(2308): CodeIgniter\Database\BaseConnection->query('INSERT INTO `orders` (`image`, `prod_name`, `unit_price`, `size_id`, `quantity`, `address`, `contact`, `other_info`, `customerName`, `product_id`, `transaction_code`, `total`, `token`, `status`) VALUES (:image:, :prod_name:, :unit_price:, :size_id:, :quantity:, :address:, :contact:, :other_info:, :customerName:, :product_id:, :transaction_code:, :total:, :token:, :status:)', [...], false)
 6 SYSTEMPATH\Model.php(319): CodeIgniter\Database\BaseBuilder->insert()
 7 SYSTEMPATH\BaseModel.php(788): CodeIgniter\Model->doInsert([...])
 8 SYSTEMPATH\Model.php(715): CodeIgniter\BaseModel->insert([...], false)
 9 SYSTEMPATH\BaseModel.php(698): CodeIgniter\Model->insert([...], false)
10 APPPATH\Controllers\MainController.php(436): CodeIgniter\BaseModel->save([...])
11 SYSTEMPATH\CodeIgniter.php(942): App\Controllers\MainController->placeOrder()
12 SYSTEMPATH\CodeIgniter.php(502): CodeIgniter\CodeIgniter->runController(Object(App\Controllers\MainController))
13 SYSTEMPATH\CodeIgniter.php(361): CodeIgniter\CodeIgniter->handleRequest(null, Object(Config\Cache), false)
14 FCPATH\index.php(85): CodeIgniter\CodeIgniter->run()
15 SYSTEMPATH\Commands\Server\rewrite.php(47): require_once('C:\\laragon\\www\\backend\\public\\index.php')
CRITICAL - 2023-12-27 14:45:45 --> Object of class stdClass could not be converted to string
in SYSTEMPATH\Database\Query.php on line 333.
 1 SYSTEMPATH\Database\Query.php(333): strtr('INSERT INTO `orders` (`image`, `prod_name`, `unit_price`, `size_id`, `quantity`, `address`, `contact`, `other_info`, `customerName`, `product_id`, `transaction_code`, `total`, `token`, `status`) VALUES (:image:, :prod_name:, :unit_price:, :size_id:, :quantity:, :address:, :contact:, :other_info:, :customerName:, :product_id:, :transaction_code:, :total:, :token:, :status:)', [...])
 2 SYSTEMPATH\Database\Query.php(308): CodeIgniter\Database\Query->matchNamedBinds('INSERT INTO `orders` (`image`, `prod_name`, `unit_price`, `size_id`, `quantity`, `address`, `contact`, `other_info`, `customerName`, `product_id`, `transaction_code`, `total`, `token`, `status`) VALUES (:image:, :prod_name:, :unit_price:, :size_id:, :quantity:, :address:, :contact:, :other_info:, :customerName:, :product_id:, :transaction_code:, :total:, :token:, :status:)', [...])
 3 SYSTEMPATH\Database\Query.php(159): CodeIgniter\Database\Query->compileBinds()
 4 SYSTEMPATH\Database\BaseConnection.php(607): CodeIgniter\Database\Query->getQuery()
 5 SYSTEMPATH\Database\BaseBuilder.php(2308): CodeIgniter\Database\BaseConnection->query('INSERT INTO `orders` (`image`, `prod_name`, `unit_price`, `size_id`, `quantity`, `address`, `contact`, `other_info`, `customerName`, `product_id`, `transaction_code`, `total`, `token`, `status`) VALUES (:image:, :prod_name:, :unit_price:, :size_id:, :quantity:, :address:, :contact:, :other_info:, :customerName:, :product_id:, :transaction_code:, :total:, :token:, :status:)', [...], false)
 6 SYSTEMPATH\Model.php(319): CodeIgniter\Database\BaseBuilder->insert()
 7 SYSTEMPATH\BaseModel.php(788): CodeIgniter\Model->doInsert([...])
 8 SYSTEMPATH\Model.php(715): CodeIgniter\BaseModel->insert([...], false)
 9 SYSTEMPATH\BaseModel.php(698): CodeIgniter\Model->insert([...], false)
10 APPPATH\Controllers\MainController.php(436): CodeIgniter\BaseModel->save([...])
11 SYSTEMPATH\CodeIgniter.php(942): App\Controllers\MainController->placeOrder()
12 SYSTEMPATH\CodeIgniter.php(502): CodeIgniter\CodeIgniter->runController(Object(App\Controllers\MainController))
13 SYSTEMPATH\CodeIgniter.php(361): CodeIgniter\CodeIgniter->handleRequest(null, Object(Config\Cache), false)
14 FCPATH\index.php(85): CodeIgniter\CodeIgniter->run()
15 SYSTEMPATH\Commands\Server\rewrite.php(47): require_once('C:\\laragon\\www\\capstone_backend\\public\\index.php')
CRITICAL - 2023-12-27 14:46:06 --> Object of class stdClass could not be converted to string
in SYSTEMPATH\Database\Query.php on line 333.
 1 SYSTEMPATH\Database\Query.php(333): strtr('INSERT INTO `orders` (`image`, `prod_name`, `unit_price`, `size_id`, `quantity`, `address`, `contact`, `other_info`, `customerName`, `product_id`, `transaction_code`, `total`, `token`, `status`) VALUES (:image:, :prod_name:, :unit_price:, :size_id:, :quantity:, :address:, :contact:, :other_info:, :customerName:, :product_id:, :transaction_code:, :total:, :token:, :status:)', [...])
 2 SYSTEMPATH\Database\Query.php(308): CodeIgniter\Database\Query->matchNamedBinds('INSERT INTO `orders` (`image`, `prod_name`, `unit_price`, `size_id`, `quantity`, `address`, `contact`, `other_info`, `customerName`, `product_id`, `transaction_code`, `total`, `token`, `status`) VALUES (:image:, :prod_name:, :unit_price:, :size_id:, :quantity:, :address:, :contact:, :other_info:, :customerName:, :product_id:, :transaction_code:, :total:, :token:, :status:)', [...])
 3 SYSTEMPATH\Database\Query.php(159): CodeIgniter\Database\Query->compileBinds()
 4 SYSTEMPATH\Database\BaseConnection.php(607): CodeIgniter\Database\Query->getQuery()
 5 SYSTEMPATH\Database\BaseBuilder.php(2308): CodeIgniter\Database\BaseConnection->query('INSERT INTO `orders` (`image`, `prod_name`, `unit_price`, `size_id`, `quantity`, `address`, `contact`, `other_info`, `customerName`, `product_id`, `transaction_code`, `total`, `token`, `status`) VALUES (:image:, :prod_name:, :unit_price:, :size_id:, :quantity:, :address:, :contact:, :other_info:, :customerName:, :product_id:, :transaction_code:, :total:, :token:, :status:)', [...], false)
 6 SYSTEMPATH\Model.php(319): CodeIgniter\Database\BaseBuilder->insert()
 7 SYSTEMPATH\BaseModel.php(788): CodeIgniter\Model->doInsert([...])
 8 SYSTEMPATH\Model.php(715): CodeIgniter\BaseModel->insert([...], false)
 9 SYSTEMPATH\BaseModel.php(698): CodeIgniter\Model->insert([...], false)
10 APPPATH\Controllers\MainController.php(436): CodeIgniter\BaseModel->save([...])
11 SYSTEMPATH\CodeIgniter.php(942): App\Controllers\MainController->placeOrder()
12 SYSTEMPATH\CodeIgniter.php(502): CodeIgniter\CodeIgniter->runController(Object(App\Controllers\MainController))
13 SYSTEMPATH\CodeIgniter.php(361): CodeIgniter\CodeIgniter->handleRequest(null, Object(Config\Cache), false)
14 FCPATH\index.php(85): CodeIgniter\CodeIgniter->run()
15 SYSTEMPATH\Commands\Server\rewrite.php(47): require_once('C:\\laragon\\www\\capstone_backend\\public\\index.php')
CRITICAL - 2023-12-27 15:28:16 --> Object of class stdClass could not be converted to string
in SYSTEMPATH\Database\Query.php on line 333.
 1 SYSTEMPATH\Database\Query.php(333): strtr('INSERT INTO `orders` (`image`, `prod_name`, `unit_price`, `size_id`, `quantity`, `address`, `contact`, `other_info`, `customerName`, `product_id`, `transaction_code`, `total`, `token`, `status`) VALUES (:image:, :prod_name:, :unit_price:, :size_id:, :quantity:, :address:, :contact:, :other_info:, :customerName:, :product_id:, :transaction_code:, :total:, :token:, :status:)', [...])
 2 SYSTEMPATH\Database\Query.php(308): CodeIgniter\Database\Query->matchNamedBinds('INSERT INTO `orders` (`image`, `prod_name`, `unit_price`, `size_id`, `quantity`, `address`, `contact`, `other_info`, `customerName`, `product_id`, `transaction_code`, `total`, `token`, `status`) VALUES (:image:, :prod_name:, :unit_price:, :size_id:, :quantity:, :address:, :contact:, :other_info:, :customerName:, :product_id:, :transaction_code:, :total:, :token:, :status:)', [...])
 3 SYSTEMPATH\Database\Query.php(159): CodeIgniter\Database\Query->compileBinds()
 4 SYSTEMPATH\Database\BaseConnection.php(607): CodeIgniter\Database\Query->getQuery()
 5 SYSTEMPATH\Database\BaseBuilder.php(2308): CodeIgniter\Database\BaseConnection->query('INSERT INTO `orders` (`image`, `prod_name`, `unit_price`, `size_id`, `quantity`, `address`, `contact`, `other_info`, `customerName`, `product_id`, `transaction_code`, `total`, `token`, `status`) VALUES (:image:, :prod_name:, :unit_price:, :size_id:, :quantity:, :address:, :contact:, :other_info:, :customerName:, :product_id:, :transaction_code:, :total:, :token:, :status:)', [...], false)
 6 SYSTEMPATH\Model.php(319): CodeIgniter\Database\BaseBuilder->insert()
 7 SYSTEMPATH\BaseModel.php(788): CodeIgniter\Model->doInsert([...])
 8 SYSTEMPATH\Model.php(715): CodeIgniter\BaseModel->insert([...], false)
 9 SYSTEMPATH\BaseModel.php(698): CodeIgniter\Model->insert([...], false)
10 APPPATH\Controllers\MainController.php(436): CodeIgniter\BaseModel->save([...])
11 SYSTEMPATH\CodeIgniter.php(942): App\Controllers\MainController->placeOrder()
12 SYSTEMPATH\CodeIgniter.php(502): CodeIgniter\CodeIgniter->runController(Object(App\Controllers\MainController))
13 SYSTEMPATH\CodeIgniter.php(361): CodeIgniter\CodeIgniter->handleRequest(null, Object(Config\Cache), false)
14 FCPATH\index.php(85): CodeIgniter\CodeIgniter->run()
15 SYSTEMPATH\Commands\Server\rewrite.php(47): require_once('C:\\laragon\\www\\capstone_backend\\public\\index.php')
CRITICAL - 2023-12-27 15:28:35 --> Object of class stdClass could not be converted to string
in SYSTEMPATH\Database\Query.php on line 333.
 1 SYSTEMPATH\Database\Query.php(333): strtr('INSERT INTO `orders` (`image`, `prod_name`, `unit_price`, `size_id`, `quantity`, `address`, `contact`, `other_info`, `customerName`, `product_id`, `transaction_code`, `total`, `token`, `status`) VALUES (:image:, :prod_name:, :unit_price:, :size_id:, :quantity:, :address:, :contact:, :other_info:, :customerName:, :product_id:, :transaction_code:, :total:, :token:, :status:)', [...])
 2 SYSTEMPATH\Database\Query.php(308): CodeIgniter\Database\Query->matchNamedBinds('INSERT INTO `orders` (`image`, `prod_name`, `unit_price`, `size_id`, `quantity`, `address`, `contact`, `other_info`, `customerName`, `product_id`, `transaction_code`, `total`, `token`, `status`) VALUES (:image:, :prod_name:, :unit_price:, :size_id:, :quantity:, :address:, :contact:, :other_info:, :customerName:, :product_id:, :transaction_code:, :total:, :token:, :status:)', [...])
 3 SYSTEMPATH\Database\Query.php(159): CodeIgniter\Database\Query->compileBinds()
 4 SYSTEMPATH\Database\BaseConnection.php(607): CodeIgniter\Database\Query->getQuery()
 5 SYSTEMPATH\Database\BaseBuilder.php(2308): CodeIgniter\Database\BaseConnection->query('INSERT INTO `orders` (`image`, `prod_name`, `unit_price`, `size_id`, `quantity`, `address`, `contact`, `other_info`, `customerName`, `product_id`, `transaction_code`, `total`, `token`, `status`) VALUES (:image:, :prod_name:, :unit_price:, :size_id:, :quantity:, :address:, :contact:, :other_info:, :customerName:, :product_id:, :transaction_code:, :total:, :token:, :status:)', [...], false)
 6 SYSTEMPATH\Model.php(319): CodeIgniter\Database\BaseBuilder->insert()
 7 SYSTEMPATH\BaseModel.php(788): CodeIgniter\Model->doInsert([...])
 8 SYSTEMPATH\Model.php(715): CodeIgniter\BaseModel->insert([...], false)
 9 SYSTEMPATH\BaseModel.php(698): CodeIgniter\Model->insert([...], false)
10 APPPATH\Controllers\MainController.php(436): CodeIgniter\BaseModel->save([...])
11 SYSTEMPATH\CodeIgniter.php(942): App\Controllers\MainController->placeOrder()
12 SYSTEMPATH\CodeIgniter.php(502): CodeIgniter\CodeIgniter->runController(Object(App\Controllers\MainController))
13 SYSTEMPATH\CodeIgniter.php(361): CodeIgniter\CodeIgniter->handleRequest(null, Object(Config\Cache), false)
14 FCPATH\index.php(85): CodeIgniter\CodeIgniter->run()
15 SYSTEMPATH\Commands\Server\rewrite.php(47): require_once('C:\\laragon\\www\\capstone_backend\\public\\index.php')
