CRITICAL - 2023-12-03 02:29:47 --> Call to a member function getName() on null
in APPPATH\Controllers\MainController.php on line 30.
 1 SYSTEMPATH\CodeIgniter.php(942): App\Controllers\MainController->save()
 2 SYSTEMPATH\CodeIgniter.php(502): CodeIgniter\CodeIgniter->runController(Object(App\Controllers\MainController))
 3 SYSTEMPATH\CodeIgniter.php(361): CodeIgniter\CodeIgniter->handleRequest(null, Object(Config\Cache), false)
 4 FCPATH\index.php(85): CodeIgniter\CodeIgniter->run()
CRITICAL - 2023-12-03 06:32:51 --> Call to a member function getName() on null
in APPPATH\Controllers\MainController.php on line 30.
 1 SYSTEMPATH\CodeIgniter.php(942): App\Controllers\MainController->save()
 2 SYSTEMPATH\CodeIgniter.php(502): CodeIgniter\CodeIgniter->runController(Object(App\Controllers\MainController))
 3 SYSTEMPATH\CodeIgniter.php(361): CodeIgniter\CodeIgniter->handleRequest(null, Object(Config\Cache), false)
 4 FCPATH\index.php(85): CodeIgniter\CodeIgniter->run()
CRITICAL - 2023-12-03 06:32:52 --> Call to a member function getName() on null
in APPPATH\Controllers\MainController.php on line 30.
 1 SYSTEMPATH\CodeIgniter.php(942): App\Controllers\MainController->save()
 2 SYSTEMPATH\CodeIgniter.php(502): CodeIgniter\CodeIgniter->runController(Object(App\Controllers\MainController))
 3 SYSTEMPATH\CodeIgniter.php(361): CodeIgniter\CodeIgniter->handleRequest(null, Object(Config\Cache), false)
 4 FCPATH\index.php(85): CodeIgniter\CodeIgniter->run()
CRITICAL - 2023-12-03 06:32:55 --> Call to a member function getName() on null
in APPPATH\Controllers\MainController.php on line 30.
 1 SYSTEMPATH\CodeIgniter.php(942): App\Controllers\MainController->save()
 2 SYSTEMPATH\CodeIgniter.php(502): CodeIgniter\CodeIgniter->runController(Object(App\Controllers\MainController))
 3 SYSTEMPATH\CodeIgniter.php(361): CodeIgniter\CodeIgniter->handleRequest(null, Object(Config\Cache), false)
 4 FCPATH\index.php(85): CodeIgniter\CodeIgniter->run()
CRITICAL - 2023-12-03 06:33:02 --> Call to a member function getName() on null
in APPPATH\Controllers\MainController.php on line 30.
 1 SYSTEMPATH\CodeIgniter.php(942): App\Controllers\MainController->save()
 2 SYSTEMPATH\CodeIgniter.php(502): CodeIgniter\CodeIgniter->runController(Object(App\Controllers\MainController))
 3 SYSTEMPATH\CodeIgniter.php(361): CodeIgniter\CodeIgniter->handleRequest(null, Object(Config\Cache), false)
 4 FCPATH\index.php(85): CodeIgniter\CodeIgniter->run()
CRITICAL - 2023-12-03 06:33:17 --> Call to a member function getName() on null
in APPPATH\Controllers\MainController.php on line 30.
 1 SYSTEMPATH\CodeIgniter.php(942): App\Controllers\MainController->save()
 2 SYSTEMPATH\CodeIgniter.php(502): CodeIgniter\CodeIgniter->runController(Object(App\Controllers\MainController))
 3 SYSTEMPATH\CodeIgniter.php(361): CodeIgniter\CodeIgniter->handleRequest(null, Object(Config\Cache), false)
 4 FCPATH\index.php(85): CodeIgniter\CodeIgniter->run()
CRITICAL - 2023-12-03 07:08:10 --> Call to a member function getName() on null
in APPPATH\Controllers\MainController.php on line 30.
 1 SYSTEMPATH\CodeIgniter.php(942): App\Controllers\MainController->save()
 2 SYSTEMPATH\CodeIgniter.php(502): CodeIgniter\CodeIgniter->runController(Object(App\Controllers\MainController))
 3 SYSTEMPATH\CodeIgniter.php(361): CodeIgniter\CodeIgniter->handleRequest(null, Object(Config\Cache), false)
 4 FCPATH\index.php(85): CodeIgniter\CodeIgniter->run()
CRITICAL - 2023-12-03 07:12:08 --> Call to a member function getName() on null
in APPPATH\Controllers\MainController.php on line 30.
 1 SYSTEMPATH\CodeIgniter.php(942): App\Controllers\MainController->save()
 2 SYSTEMPATH\CodeIgniter.php(502): CodeIgniter\CodeIgniter->runController(Object(App\Controllers\MainController))
 3 SYSTEMPATH\CodeIgniter.php(361): CodeIgniter\CodeIgniter->handleRequest(null, Object(Config\Cache), false)
 4 FCPATH\index.php(85): CodeIgniter\CodeIgniter->run()
CRITICAL - 2023-12-03 07:12:09 --> Call to a member function getName() on null
in APPPATH\Controllers\MainController.php on line 30.
 1 SYSTEMPATH\CodeIgniter.php(942): App\Controllers\MainController->save()
 2 SYSTEMPATH\CodeIgniter.php(502): CodeIgniter\CodeIgniter->runController(Object(App\Controllers\MainController))
 3 SYSTEMPATH\CodeIgniter.php(361): CodeIgniter\CodeIgniter->handleRequest(null, Object(Config\Cache), false)
 4 FCPATH\index.php(85): CodeIgniter\CodeIgniter->run()
CRITICAL - 2023-12-03 07:12:09 --> Call to a member function getName() on null
in APPPATH\Controllers\MainController.php on line 30.
 1 SYSTEMPATH\CodeIgniter.php(942): App\Controllers\MainController->save()
 2 SYSTEMPATH\CodeIgniter.php(502): CodeIgniter\CodeIgniter->runController(Object(App\Controllers\MainController))
 3 SYSTEMPATH\CodeIgniter.php(361): CodeIgniter\CodeIgniter->handleRequest(null, Object(Config\Cache), false)
 4 FCPATH\index.php(85): CodeIgniter\CodeIgniter->run()
ERROR - 2023-12-03 14:46:49 --> mysqli_sql_exception: Column 'UPC' cannot be null in C:\laragon\www\backend\system\Database\MySQLi\Connection.php:306
Stack trace:
#0 C:\laragon\www\backend\system\Database\MySQLi\Connection.php(306): mysqli->query('INSERT INTO `pr...', 0)
#1 C:\laragon\www\backend\system\Database\BaseConnection.php(693): CodeIgniter\Database\MySQLi\Connection->execute('INSERT INTO `pr...')
#2 C:\laragon\www\backend\system\Database\BaseConnection.php(607): CodeIgniter\Database\BaseConnection->simpleQuery('INSERT INTO `pr...')
#3 C:\laragon\www\backend\system\Database\BaseBuilder.php(2308): CodeIgniter\Database\BaseConnection->query('INSERT INTO `pr...', Array, false)
#4 C:\laragon\www\backend\system\Model.php(319): CodeIgniter\Database\BaseBuilder->insert()
#5 C:\laragon\www\backend\system\BaseModel.php(788): CodeIgniter\Model->doInsert(Array)
#6 C:\laragon\www\backend\system\Model.php(715): CodeIgniter\BaseModel->insert(Array, false)
#7 C:\laragon\www\backend\system\BaseModel.php(698): CodeIgniter\Model->insert(Array, false)
#8 C:\laragon\www\backend\app\Controllers\MainController.php(44): CodeIgniter\BaseModel->save(Array)
#9 C:\laragon\www\backend\system\CodeIgniter.php(942): App\Controllers\MainController->save()
#10 C:\laragon\www\backend\system\CodeIgniter.php(502): CodeIgniter\CodeIgniter->runController(Object(App\Controllers\MainController))
#11 C:\laragon\www\backend\system\CodeIgniter.php(361): CodeIgniter\CodeIgniter->handleRequest(NULL, Object(Config\Cache), false)
#12 C:\laragon\www\backend\public\index.php(85): CodeIgniter\CodeIgniter->run()
#13 {main}
CRITICAL - 2023-12-03 14:46:50 --> Column 'UPC' cannot be null
in SYSTEMPATH\Database\BaseConnection.php on line 647.
 1 SYSTEMPATH\Database\BaseBuilder.php(2308): CodeIgniter\Database\BaseConnection->query('INSERT INTO `productlist` (`category_id`, `size_id`, `prod_name`, `stock`, `price`, `unit_price`, `UPC`, `image`) VALUES (:category_id:, :size_id:, :prod_name:, :stock:, :price:, :unit_price:, :UPC:, :image:)', [...], false)
 2 SYSTEMPATH\Model.php(319): CodeIgniter\Database\BaseBuilder->insert()
 3 SYSTEMPATH\BaseModel.php(788): CodeIgniter\Model->doInsert([...])
 4 SYSTEMPATH\Model.php(715): CodeIgniter\BaseModel->insert([...], false)
 5 SYSTEMPATH\BaseModel.php(698): CodeIgniter\Model->insert([...], false)
 6 APPPATH\Controllers\MainController.php(44): CodeIgniter\BaseModel->save([...])
 7 SYSTEMPATH\CodeIgniter.php(942): App\Controllers\MainController->save()
 8 SYSTEMPATH\CodeIgniter.php(502): CodeIgniter\CodeIgniter->runController(Object(App\Controllers\MainController))
 9 SYSTEMPATH\CodeIgniter.php(361): CodeIgniter\CodeIgniter->handleRequest(null, Object(Config\Cache), false)
10 FCPATH\index.php(85): CodeIgniter\CodeIgniter->run()
ERROR - 2023-12-03 14:46:55 --> mysqli_sql_exception: Column 'UPC' cannot be null in C:\laragon\www\backend\system\Database\MySQLi\Connection.php:306
Stack trace:
#0 C:\laragon\www\backend\system\Database\MySQLi\Connection.php(306): mysqli->query('INSERT INTO `pr...', 0)
#1 C:\laragon\www\backend\system\Database\BaseConnection.php(693): CodeIgniter\Database\MySQLi\Connection->execute('INSERT INTO `pr...')
#2 C:\laragon\www\backend\system\Database\BaseConnection.php(607): CodeIgniter\Database\BaseConnection->simpleQuery('INSERT INTO `pr...')
#3 C:\laragon\www\backend\system\Database\BaseBuilder.php(2308): CodeIgniter\Database\BaseConnection->query('INSERT INTO `pr...', Array, false)
#4 C:\laragon\www\backend\system\Model.php(319): CodeIgniter\Database\BaseBuilder->insert()
#5 C:\laragon\www\backend\system\BaseModel.php(788): CodeIgniter\Model->doInsert(Array)
#6 C:\laragon\www\backend\system\Model.php(715): CodeIgniter\BaseModel->insert(Array, false)
#7 C:\laragon\www\backend\system\BaseModel.php(698): CodeIgniter\Model->insert(Array, false)
#8 C:\laragon\www\backend\app\Controllers\MainController.php(44): CodeIgniter\BaseModel->save(Array)
#9 C:\laragon\www\backend\system\CodeIgniter.php(942): App\Controllers\MainController->save()
#10 C:\laragon\www\backend\system\CodeIgniter.php(502): CodeIgniter\CodeIgniter->runController(Object(App\Controllers\MainController))
#11 C:\laragon\www\backend\system\CodeIgniter.php(361): CodeIgniter\CodeIgniter->handleRequest(NULL, Object(Config\Cache), false)
#12 C:\laragon\www\backend\public\index.php(85): CodeIgniter\CodeIgniter->run()
#13 {main}
CRITICAL - 2023-12-03 14:46:55 --> Column 'UPC' cannot be null
in SYSTEMPATH\Database\BaseConnection.php on line 647.
 1 SYSTEMPATH\Database\BaseBuilder.php(2308): CodeIgniter\Database\BaseConnection->query('INSERT INTO `productlist` (`category_id`, `size_id`, `prod_name`, `stock`, `price`, `unit_price`, `UPC`, `image`) VALUES (:category_id:, :size_id:, :prod_name:, :stock:, :price:, :unit_price:, :UPC:, :image:)', [...], false)
 2 SYSTEMPATH\Model.php(319): CodeIgniter\Database\BaseBuilder->insert()
 3 SYSTEMPATH\BaseModel.php(788): CodeIgniter\Model->doInsert([...])
 4 SYSTEMPATH\Model.php(715): CodeIgniter\BaseModel->insert([...], false)
 5 SYSTEMPATH\BaseModel.php(698): CodeIgniter\Model->insert([...], false)
 6 APPPATH\Controllers\MainController.php(44): CodeIgniter\BaseModel->save([...])
 7 SYSTEMPATH\CodeIgniter.php(942): App\Controllers\MainController->save()
 8 SYSTEMPATH\CodeIgniter.php(502): CodeIgniter\CodeIgniter->runController(Object(App\Controllers\MainController))
 9 SYSTEMPATH\CodeIgniter.php(361): CodeIgniter\CodeIgniter->handleRequest(null, Object(Config\Cache), false)
10 FCPATH\index.php(85): CodeIgniter\CodeIgniter->run()
ERROR - 2023-12-03 14:47:27 --> mysqli_sql_exception: Column 'UPC' cannot be null in C:\laragon\www\backend\system\Database\MySQLi\Connection.php:306
Stack trace:
#0 C:\laragon\www\backend\system\Database\MySQLi\Connection.php(306): mysqli->query('INSERT INTO `pr...', 0)
#1 C:\laragon\www\backend\system\Database\BaseConnection.php(693): CodeIgniter\Database\MySQLi\Connection->execute('INSERT INTO `pr...')
#2 C:\laragon\www\backend\system\Database\BaseConnection.php(607): CodeIgniter\Database\BaseConnection->simpleQuery('INSERT INTO `pr...')
#3 C:\laragon\www\backend\system\Database\BaseBuilder.php(2308): CodeIgniter\Database\BaseConnection->query('INSERT INTO `pr...', Array, false)
#4 C:\laragon\www\backend\system\Model.php(319): CodeIgniter\Database\BaseBuilder->insert()
#5 C:\laragon\www\backend\system\BaseModel.php(788): CodeIgniter\Model->doInsert(Array)
#6 C:\laragon\www\backend\system\Model.php(715): CodeIgniter\BaseModel->insert(Array, false)
#7 C:\laragon\www\backend\system\BaseModel.php(698): CodeIgniter\Model->insert(Array, false)
#8 C:\laragon\www\backend\app\Controllers\MainController.php(44): CodeIgniter\BaseModel->save(Array)
#9 C:\laragon\www\backend\system\CodeIgniter.php(942): App\Controllers\MainController->save()
#10 C:\laragon\www\backend\system\CodeIgniter.php(502): CodeIgniter\CodeIgniter->runController(Object(App\Controllers\MainController))
#11 C:\laragon\www\backend\system\CodeIgniter.php(361): CodeIgniter\CodeIgniter->handleRequest(NULL, Object(Config\Cache), false)
#12 C:\laragon\www\backend\public\index.php(85): CodeIgniter\CodeIgniter->run()
#13 {main}
CRITICAL - 2023-12-03 14:47:27 --> Column 'UPC' cannot be null
in SYSTEMPATH\Database\BaseConnection.php on line 647.
 1 SYSTEMPATH\Database\BaseBuilder.php(2308): CodeIgniter\Database\BaseConnection->query('INSERT INTO `productlist` (`category_id`, `size_id`, `prod_name`, `stock`, `price`, `unit_price`, `UPC`, `image`) VALUES (:category_id:, :size_id:, :prod_name:, :stock:, :price:, :unit_price:, :UPC:, :image:)', [...], false)
 2 SYSTEMPATH\Model.php(319): CodeIgniter\Database\BaseBuilder->insert()
 3 SYSTEMPATH\BaseModel.php(788): CodeIgniter\Model->doInsert([...])
 4 SYSTEMPATH\Model.php(715): CodeIgniter\BaseModel->insert([...], false)
 5 SYSTEMPATH\BaseModel.php(698): CodeIgniter\Model->insert([...], false)
 6 APPPATH\Controllers\MainController.php(44): CodeIgniter\BaseModel->save([...])
 7 SYSTEMPATH\CodeIgniter.php(942): App\Controllers\MainController->save()
 8 SYSTEMPATH\CodeIgniter.php(502): CodeIgniter\CodeIgniter->runController(Object(App\Controllers\MainController))
 9 SYSTEMPATH\CodeIgniter.php(361): CodeIgniter\CodeIgniter->handleRequest(null, Object(Config\Cache), false)
10 FCPATH\index.php(85): CodeIgniter\CodeIgniter->run()
ERROR - 2023-12-03 14:47:28 --> mysqli_sql_exception: Column 'UPC' cannot be null in C:\laragon\www\backend\system\Database\MySQLi\Connection.php:306
Stack trace:
#0 C:\laragon\www\backend\system\Database\MySQLi\Connection.php(306): mysqli->query('INSERT INTO `pr...', 0)
#1 C:\laragon\www\backend\system\Database\BaseConnection.php(693): CodeIgniter\Database\MySQLi\Connection->execute('INSERT INTO `pr...')
#2 C:\laragon\www\backend\system\Database\BaseConnection.php(607): CodeIgniter\Database\BaseConnection->simpleQuery('INSERT INTO `pr...')
#3 C:\laragon\www\backend\system\Database\BaseBuilder.php(2308): CodeIgniter\Database\BaseConnection->query('INSERT INTO `pr...', Array, false)
#4 C:\laragon\www\backend\system\Model.php(319): CodeIgniter\Database\BaseBuilder->insert()
#5 C:\laragon\www\backend\system\BaseModel.php(788): CodeIgniter\Model->doInsert(Array)
#6 C:\laragon\www\backend\system\Model.php(715): CodeIgniter\BaseModel->insert(Array, false)
#7 C:\laragon\www\backend\system\BaseModel.php(698): CodeIgniter\Model->insert(Array, false)
#8 C:\laragon\www\backend\app\Controllers\MainController.php(44): CodeIgniter\BaseModel->save(Array)
#9 C:\laragon\www\backend\system\CodeIgniter.php(942): App\Controllers\MainController->save()
#10 C:\laragon\www\backend\system\CodeIgniter.php(502): CodeIgniter\CodeIgniter->runController(Object(App\Controllers\MainController))
#11 C:\laragon\www\backend\system\CodeIgniter.php(361): CodeIgniter\CodeIgniter->handleRequest(NULL, Object(Config\Cache), false)
#12 C:\laragon\www\backend\public\index.php(85): CodeIgniter\CodeIgniter->run()
#13 {main}
CRITICAL - 2023-12-03 14:47:28 --> Column 'UPC' cannot be null
in SYSTEMPATH\Database\BaseConnection.php on line 647.
 1 SYSTEMPATH\Database\BaseBuilder.php(2308): CodeIgniter\Database\BaseConnection->query('INSERT INTO `productlist` (`category_id`, `size_id`, `prod_name`, `stock`, `price`, `unit_price`, `UPC`, `image`) VALUES (:category_id:, :size_id:, :prod_name:, :stock:, :price:, :unit_price:, :UPC:, :image:)', [...], false)
 2 SYSTEMPATH\Model.php(319): CodeIgniter\Database\BaseBuilder->insert()
 3 SYSTEMPATH\BaseModel.php(788): CodeIgniter\Model->doInsert([...])
 4 SYSTEMPATH\Model.php(715): CodeIgniter\BaseModel->insert([...], false)
 5 SYSTEMPATH\BaseModel.php(698): CodeIgniter\Model->insert([...], false)
 6 APPPATH\Controllers\MainController.php(44): CodeIgniter\BaseModel->save([...])
 7 SYSTEMPATH\CodeIgniter.php(942): App\Controllers\MainController->save()
 8 SYSTEMPATH\CodeIgniter.php(502): CodeIgniter\CodeIgniter->runController(Object(App\Controllers\MainController))
 9 SYSTEMPATH\CodeIgniter.php(361): CodeIgniter\CodeIgniter->handleRequest(null, Object(Config\Cache), false)
10 FCPATH\index.php(85): CodeIgniter\CodeIgniter->run()
ERROR - 2023-12-03 14:47:28 --> mysqli_sql_exception: Column 'UPC' cannot be null in C:\laragon\www\backend\system\Database\MySQLi\Connection.php:306
Stack trace:
#0 C:\laragon\www\backend\system\Database\MySQLi\Connection.php(306): mysqli->query('INSERT INTO `pr...', 0)
#1 C:\laragon\www\backend\system\Database\BaseConnection.php(693): CodeIgniter\Database\MySQLi\Connection->execute('INSERT INTO `pr...')
#2 C:\laragon\www\backend\system\Database\BaseConnection.php(607): CodeIgniter\Database\BaseConnection->simpleQuery('INSERT INTO `pr...')
#3 C:\laragon\www\backend\system\Database\BaseBuilder.php(2308): CodeIgniter\Database\BaseConnection->query('INSERT INTO `pr...', Array, false)
#4 C:\laragon\www\backend\system\Model.php(319): CodeIgniter\Database\BaseBuilder->insert()
#5 C:\laragon\www\backend\system\BaseModel.php(788): CodeIgniter\Model->doInsert(Array)
#6 C:\laragon\www\backend\system\Model.php(715): CodeIgniter\BaseModel->insert(Array, false)
#7 C:\laragon\www\backend\system\BaseModel.php(698): CodeIgniter\Model->insert(Array, false)
#8 C:\laragon\www\backend\app\Controllers\MainController.php(44): CodeIgniter\BaseModel->save(Array)
#9 C:\laragon\www\backend\system\CodeIgniter.php(942): App\Controllers\MainController->save()
#10 C:\laragon\www\backend\system\CodeIgniter.php(502): CodeIgniter\CodeIgniter->runController(Object(App\Controllers\MainController))
#11 C:\laragon\www\backend\system\CodeIgniter.php(361): CodeIgniter\CodeIgniter->handleRequest(NULL, Object(Config\Cache), false)
#12 C:\laragon\www\backend\public\index.php(85): CodeIgniter\CodeIgniter->run()
#13 {main}
CRITICAL - 2023-12-03 14:47:28 --> Column 'UPC' cannot be null
in SYSTEMPATH\Database\BaseConnection.php on line 647.
 1 SYSTEMPATH\Database\BaseBuilder.php(2308): CodeIgniter\Database\BaseConnection->query('INSERT INTO `productlist` (`category_id`, `size_id`, `prod_name`, `stock`, `price`, `unit_price`, `UPC`, `image`) VALUES (:category_id:, :size_id:, :prod_name:, :stock:, :price:, :unit_price:, :UPC:, :image:)', [...], false)
 2 SYSTEMPATH\Model.php(319): CodeIgniter\Database\BaseBuilder->insert()
 3 SYSTEMPATH\BaseModel.php(788): CodeIgniter\Model->doInsert([...])
 4 SYSTEMPATH\Model.php(715): CodeIgniter\BaseModel->insert([...], false)
 5 SYSTEMPATH\BaseModel.php(698): CodeIgniter\Model->insert([...], false)
 6 APPPATH\Controllers\MainController.php(44): CodeIgniter\BaseModel->save([...])
 7 SYSTEMPATH\CodeIgniter.php(942): App\Controllers\MainController->save()
 8 SYSTEMPATH\CodeIgniter.php(502): CodeIgniter\CodeIgniter->runController(Object(App\Controllers\MainController))
 9 SYSTEMPATH\CodeIgniter.php(361): CodeIgniter\CodeIgniter->handleRequest(null, Object(Config\Cache), false)
10 FCPATH\index.php(85): CodeIgniter\CodeIgniter->run()
ERROR - 2023-12-03 14:47:28 --> mysqli_sql_exception: Column 'UPC' cannot be null in C:\laragon\www\backend\system\Database\MySQLi\Connection.php:306
Stack trace:
#0 C:\laragon\www\backend\system\Database\MySQLi\Connection.php(306): mysqli->query('INSERT INTO `pr...', 0)
#1 C:\laragon\www\backend\system\Database\BaseConnection.php(693): CodeIgniter\Database\MySQLi\Connection->execute('INSERT INTO `pr...')
#2 C:\laragon\www\backend\system\Database\BaseConnection.php(607): CodeIgniter\Database\BaseConnection->simpleQuery('INSERT INTO `pr...')
#3 C:\laragon\www\backend\system\Database\BaseBuilder.php(2308): CodeIgniter\Database\BaseConnection->query('INSERT INTO `pr...', Array, false)
#4 C:\laragon\www\backend\system\Model.php(319): CodeIgniter\Database\BaseBuilder->insert()
#5 C:\laragon\www\backend\system\BaseModel.php(788): CodeIgniter\Model->doInsert(Array)
#6 C:\laragon\www\backend\system\Model.php(715): CodeIgniter\BaseModel->insert(Array, false)
#7 C:\laragon\www\backend\system\BaseModel.php(698): CodeIgniter\Model->insert(Array, false)
#8 C:\laragon\www\backend\app\Controllers\MainController.php(44): CodeIgniter\BaseModel->save(Array)
#9 C:\laragon\www\backend\system\CodeIgniter.php(942): App\Controllers\MainController->save()
#10 C:\laragon\www\backend\system\CodeIgniter.php(502): CodeIgniter\CodeIgniter->runController(Object(App\Controllers\MainController))
#11 C:\laragon\www\backend\system\CodeIgniter.php(361): CodeIgniter\CodeIgniter->handleRequest(NULL, Object(Config\Cache), false)
#12 C:\laragon\www\backend\public\index.php(85): CodeIgniter\CodeIgniter->run()
#13 {main}
CRITICAL - 2023-12-03 14:47:28 --> Column 'UPC' cannot be null
in SYSTEMPATH\Database\BaseConnection.php on line 647.
 1 SYSTEMPATH\Database\BaseBuilder.php(2308): CodeIgniter\Database\BaseConnection->query('INSERT INTO `productlist` (`category_id`, `size_id`, `prod_name`, `stock`, `price`, `unit_price`, `UPC`, `image`) VALUES (:category_id:, :size_id:, :prod_name:, :stock:, :price:, :unit_price:, :UPC:, :image:)', [...], false)
 2 SYSTEMPATH\Model.php(319): CodeIgniter\Database\BaseBuilder->insert()
 3 SYSTEMPATH\BaseModel.php(788): CodeIgniter\Model->doInsert([...])
 4 SYSTEMPATH\Model.php(715): CodeIgniter\BaseModel->insert([...], false)
 5 SYSTEMPATH\BaseModel.php(698): CodeIgniter\Model->insert([...], false)
 6 APPPATH\Controllers\MainController.php(44): CodeIgniter\BaseModel->save([...])
 7 SYSTEMPATH\CodeIgniter.php(942): App\Controllers\MainController->save()
 8 SYSTEMPATH\CodeIgniter.php(502): CodeIgniter\CodeIgniter->runController(Object(App\Controllers\MainController))
 9 SYSTEMPATH\CodeIgniter.php(361): CodeIgniter\CodeIgniter->handleRequest(null, Object(Config\Cache), false)
10 FCPATH\index.php(85): CodeIgniter\CodeIgniter->run()
CRITICAL - 2023-12-03 15:02:07 --> Call to a member function getName() on null
in APPPATH\Controllers\MainController.php on line 30.
 1 SYSTEMPATH\CodeIgniter.php(942): App\Controllers\MainController->save()
 2 SYSTEMPATH\CodeIgniter.php(502): CodeIgniter\CodeIgniter->runController(Object(App\Controllers\MainController))
 3 SYSTEMPATH\CodeIgniter.php(361): CodeIgniter\CodeIgniter->handleRequest(null, Object(Config\Cache), false)
 4 FCPATH\index.php(85): CodeIgniter\CodeIgniter->run()
CRITICAL - 2023-12-03 15:02:09 --> Call to a member function getName() on null
in APPPATH\Controllers\MainController.php on line 30.
 1 SYSTEMPATH\CodeIgniter.php(942): App\Controllers\MainController->save()
 2 SYSTEMPATH\CodeIgniter.php(502): CodeIgniter\CodeIgniter->runController(Object(App\Controllers\MainController))
 3 SYSTEMPATH\CodeIgniter.php(361): CodeIgniter\CodeIgniter->handleRequest(null, Object(Config\Cache), false)
 4 FCPATH\index.php(85): CodeIgniter\CodeIgniter->run()
ERROR - 2023-12-03 15:17:22 --> mysqli_sql_exception: Column 'product_description' cannot be null in C:\laragon\www\backend\system\Database\MySQLi\Connection.php:306
Stack trace:
#0 C:\laragon\www\backend\system\Database\MySQLi\Connection.php(306): mysqli->query('INSERT INTO `pr...', 0)
#1 C:\laragon\www\backend\system\Database\BaseConnection.php(693): CodeIgniter\Database\MySQLi\Connection->execute('INSERT INTO `pr...')
#2 C:\laragon\www\backend\system\Database\BaseConnection.php(607): CodeIgniter\Database\BaseConnection->simpleQuery('INSERT INTO `pr...')
#3 C:\laragon\www\backend\system\Database\BaseBuilder.php(2308): CodeIgniter\Database\BaseConnection->query('INSERT INTO `pr...', Array, false)
#4 C:\laragon\www\backend\system\Model.php(319): CodeIgniter\Database\BaseBuilder->insert()
#5 C:\laragon\www\backend\system\BaseModel.php(788): CodeIgniter\Model->doInsert(Array)
#6 C:\laragon\www\backend\system\Model.php(715): CodeIgniter\BaseModel->insert(Array, false)
#7 C:\laragon\www\backend\system\BaseModel.php(698): CodeIgniter\Model->insert(Array, false)
#8 C:\laragon\www\backend\app\Controllers\MainController.php(45): CodeIgniter\BaseModel->save(Array)
#9 C:\laragon\www\backend\system\CodeIgniter.php(942): App\Controllers\MainController->save()
#10 C:\laragon\www\backend\system\CodeIgniter.php(502): CodeIgniter\CodeIgniter->runController(Object(App\Controllers\MainController))
#11 C:\laragon\www\backend\system\CodeIgniter.php(361): CodeIgniter\CodeIgniter->handleRequest(NULL, Object(Config\Cache), false)
#12 C:\laragon\www\backend\public\index.php(85): CodeIgniter\CodeIgniter->run()
#13 {main}
CRITICAL - 2023-12-03 15:17:22 --> Column 'product_description' cannot be null
in SYSTEMPATH\Database\BaseConnection.php on line 647.
 1 SYSTEMPATH\Database\BaseBuilder.php(2308): CodeIgniter\Database\BaseConnection->query('INSERT INTO `productlist` (`category_id`, `size_id`, `prod_name`, `stock`, `price`, `unit_price`, `UPC`, `product_description`, `image`) VALUES (:category_id:, :size_id:, :prod_name:, :stock:, :price:, :unit_price:, :UPC:, :product_description:, :image:)', [...], false)
 2 SYSTEMPATH\Model.php(319): CodeIgniter\Database\BaseBuilder->insert()
 3 SYSTEMPATH\BaseModel.php(788): CodeIgniter\Model->doInsert([...])
 4 SYSTEMPATH\Model.php(715): CodeIgniter\BaseModel->insert([...], false)
 5 SYSTEMPATH\BaseModel.php(698): CodeIgniter\Model->insert([...], false)
 6 APPPATH\Controllers\MainController.php(45): CodeIgniter\BaseModel->save([...])
 7 SYSTEMPATH\CodeIgniter.php(942): App\Controllers\MainController->save()
 8 SYSTEMPATH\CodeIgniter.php(502): CodeIgniter\CodeIgniter->runController(Object(App\Controllers\MainController))
 9 SYSTEMPATH\CodeIgniter.php(361): CodeIgniter\CodeIgniter->handleRequest(null, Object(Config\Cache), false)
10 FCPATH\index.php(85): CodeIgniter\CodeIgniter->run()
